<?xml version="1.0" encoding="UTF-8"?>
<coverage generated="1532991958421" clover="3.2.0">
  <project timestamp="1532991958422" name="All files">
    <metrics statements="133" coveredstatements="58" conditionals="188" coveredconditionals="98" methods="74" coveredmethods="54" elements="395" coveredelements="210" complexity="0" loc="133" ncloc="133" packages="2" files="9" classes="9">
      <package name="src">
        <metrics statements="1" coveredstatements="0" conditionals="4" coveredconditionals="0" methods="1" coveredmethods="0"/>
        <file name="index.jsx" path="/Users/dianey/myProjects/AirCnB/reviews-module/client/src/index.jsx">
          <metrics statements="1" coveredstatements="0" conditionals="4" coveredconditionals="0" methods="1" coveredmethods="0"/>
          <line num="3" count="0" type="cond" truecount="0" falsecount="4"/>
        </file>
      </package>
      <package name="src.components">
        <metrics statements="132" coveredstatements="58" conditionals="184" coveredconditionals="98" methods="73" coveredmethods="54"/>
        <file name="App.jsx" path="/Users/dianey/myProjects/AirCnB/reviews-module/client/src/components/App.jsx">
          <metrics statements="49" coveredstatements="10" conditionals="45" coveredconditionals="20" methods="24" coveredmethods="11"/>
          <line num="1" count="13" type="cond" truecount="5" falsecount="3"/>
          <line num="7" count="7" type="cond" truecount="14" falsecount="9"/>
          <line num="9" count="1" type="stmt"/>
          <line num="10" count="1" type="cond" truecount="1" falsecount="1"/>
          <line num="56" count="1" type="stmt"/>
          <line num="59" count="0" type="stmt"/>
          <line num="65" count="0" type="stmt"/>
          <line num="66" count="0" type="stmt"/>
          <line num="67" count="0" type="stmt"/>
          <line num="83" count="0" type="stmt"/>
          <line num="87" count="0" type="stmt"/>
          <line num="95" count="0" type="stmt"/>
          <line num="96" count="0" type="stmt"/>
          <line num="97" count="0" type="stmt"/>
          <line num="98" count="0" type="stmt"/>
          <line num="99" count="0" type="cond" truecount="0" falsecount="2"/>
          <line num="100" count="0" type="stmt"/>
          <line num="101" count="0" type="cond" truecount="0" falsecount="4"/>
          <line num="102" count="0" type="stmt"/>
          <line num="103" count="0" type="stmt"/>
          <line num="104" count="0" type="cond" truecount="0" falsecount="2"/>
          <line num="105" count="0" type="stmt"/>
          <line num="107" count="0" type="stmt"/>
          <line num="112" count="0" type="stmt"/>
          <line num="113" count="0" type="stmt"/>
          <line num="114" count="0" type="stmt"/>
          <line num="115" count="0" type="stmt"/>
          <line num="116" count="0" type="stmt"/>
          <line num="117" count="0" type="stmt"/>
          <line num="120" count="0" type="stmt"/>
          <line num="124" count="0" type="stmt"/>
          <line num="125" count="0" type="stmt"/>
          <line num="131" count="0" type="cond" truecount="0" falsecount="2"/>
          <line num="132" count="0" type="stmt"/>
          <line num="139" count="0" type="cond" truecount="0" falsecount="2"/>
          <line num="140" count="0" type="stmt"/>
          <line num="147" count="0" type="stmt"/>
          <line num="148" count="0" type="stmt"/>
          <line num="149" count="0" type="stmt"/>
          <line num="151" count="0" type="stmt"/>
          <line num="152" count="0" type="stmt"/>
          <line num="153" count="0" type="stmt"/>
          <line num="157" count="1" type="stmt"/>
          <line num="158" count="1" type="stmt"/>
          <line num="159" count="1" type="stmt"/>
          <line num="187" count="0" type="stmt"/>
          <line num="193" count="0" type="stmt"/>
          <line num="199" count="1" type="stmt"/>
          <line num="244" count="1" type="stmt"/>
        </file>
        <file name="Flag.jsx" path="/Users/dianey/myProjects/AirCnB/reviews-module/client/src/components/Flag.jsx">
          <metrics statements="6" coveredstatements="5" conditionals="6" coveredconditionals="4" methods="2" coveredmethods="2"/>
          <line num="1" count="2" type="stmt"/>
          <line num="3" count="6" type="cond" truecount="3" falsecount="1"/>
          <line num="5" count="2" type="stmt"/>
          <line num="6" count="1" type="cond" truecount="1" falsecount="1"/>
          <line num="7" count="0" type="stmt"/>
          <line num="45" count="1" type="stmt"/>
        </file>
        <file name="PageTabs.jsx" path="/Users/dianey/myProjects/AirCnB/reviews-module/client/src/components/PageTabs.jsx">
          <metrics statements="25" coveredstatements="15" conditionals="47" coveredconditionals="23" methods="14" coveredmethods="14"/>
          <line num="1" count="15" type="cond" truecount="5" falsecount="3"/>
          <line num="2" count="6" type="cond" truecount="13" falsecount="10"/>
          <line num="4" count="3" type="stmt"/>
          <line num="5" count="1" type="cond" truecount="1" falsecount="1"/>
          <line num="13" count="3" type="stmt"/>
          <line num="16" count="4" type="cond" truecount="2" falsecount="0"/>
          <line num="17" count="1" type="stmt"/>
          <line num="23" count="3" type="stmt"/>
          <line num="30" count="1" type="stmt"/>
          <line num="37" count="1" type="stmt"/>
          <line num="46" count="1" type="cond" truecount="1" falsecount="1"/>
          <line num="47" count="0" type="stmt"/>
          <line num="56" count="1" type="cond" truecount="1" falsecount="1"/>
          <line num="57" count="1" type="stmt"/>
          <line num="68" count="0" type="cond" truecount="0" falsecount="2"/>
          <line num="69" count="0" type="stmt"/>
          <line num="81" count="0" type="cond" truecount="0" falsecount="2"/>
          <line num="82" count="0" type="stmt"/>
          <line num="93" count="0" type="cond" truecount="0" falsecount="2"/>
          <line num="94" count="0" type="stmt"/>
          <line num="104" count="0" type="cond" truecount="0" falsecount="2"/>
          <line num="105" count="0" type="stmt"/>
          <line num="116" count="0" type="stmt"/>
          <line num="134" count="1" type="stmt"/>
          <line num="141" count="3" type="stmt"/>
        </file>
        <file name="ReviewList.jsx" path="/Users/dianey/myProjects/AirCnB/reviews-module/client/src/components/ReviewList.jsx">
          <metrics statements="24" coveredstatements="8" conditionals="39" coveredconditionals="21" methods="15" coveredmethods="10"/>
          <line num="1" count="10" type="cond" truecount="5" falsecount="3"/>
          <line num="3" count="6" type="cond" truecount="14" falsecount="9"/>
          <line num="5" count="2" type="stmt"/>
          <line num="6" count="1" type="cond" truecount="1" falsecount="1"/>
          <line num="17" count="2" type="stmt"/>
          <line num="20" count="0" type="stmt"/>
          <line num="33" count="0" type="stmt"/>
          <line num="34" count="0" type="stmt"/>
          <line num="37" count="0" type="stmt"/>
          <line num="59" count="0" type="stmt"/>
          <line num="60" count="0" type="stmt"/>
          <line num="61" count="0" type="stmt"/>
          <line num="62" count="0" type="stmt"/>
          <line num="63" count="0" type="stmt"/>
          <line num="64" count="0" type="cond" truecount="0" falsecount="2"/>
          <line num="65" count="0" type="stmt"/>
          <line num="68" count="0" type="stmt"/>
          <line num="72" count="0" type="stmt"/>
          <line num="85" count="1" type="cond" truecount="1" falsecount="1"/>
          <line num="86" count="0" type="stmt"/>
          <line num="91" count="1" type="cond" truecount="0" falsecount="2"/>
          <line num="92" count="0" type="stmt"/>
          <line num="98" count="0" type="stmt"/>
          <line num="105" count="2" type="stmt"/>
        </file>
        <file name="ReviewStats.jsx" path="/Users/dianey/myProjects/AirCnB/reviews-module/client/src/components/ReviewStats.jsx">
          <metrics statements="4" coveredstatements="4" conditionals="4" coveredconditionals="4" methods="2" coveredmethods="2"/>
          <line num="1" count="2" type="stmt"/>
          <line num="4" count="8" type="cond" truecount="4" falsecount="0"/>
          <line num="6" count="2" type="stmt"/>
          <line num="7" count="1" type="stmt"/>
        </file>
        <file name="Search.jsx" path="/Users/dianey/myProjects/AirCnB/reviews-module/client/src/components/Search.jsx">
          <metrics statements="3" coveredstatements="3" conditionals="4" coveredconditionals="3" methods="2" coveredmethods="2"/>
          <line num="1" count="3" type="stmt"/>
          <line num="2" count="6" type="cond" truecount="3" falsecount="1"/>
          <line num="4" count="3" type="stmt"/>
        </file>
        <file name="Stars.jsx" path="/Users/dianey/myProjects/AirCnB/reviews-module/client/src/components/Stars.jsx">
          <metrics statements="17" coveredstatements="9" conditionals="35" coveredconditionals="19" methods="12" coveredmethods="11"/>
          <line num="1" count="8" type="cond" truecount="5" falsecount="3"/>
          <line num="2" count="8" type="cond" truecount="13" falsecount="10"/>
          <line num="4" count="4" type="stmt"/>
          <line num="5" count="1" type="cond" truecount="1" falsecount="1"/>
          <line num="7" count="4" type="stmt"/>
          <line num="10" count="1" type="stmt"/>
          <line num="11" count="1" type="stmt"/>
          <line num="12" count="0" type="stmt"/>
          <line num="13" count="0" type="stmt"/>
          <line num="14" count="0" type="stmt"/>
          <line num="16" count="0" type="cond" truecount="0" falsecount="2"/>
          <line num="17" count="0" type="stmt"/>
          <line num="19" count="0" type="stmt"/>
          <line num="20" count="0" type="stmt"/>
          <line num="22" count="0" type="stmt"/>
          <line num="26" count="1" type="stmt"/>
          <line num="35" count="4" type="stmt"/>
        </file>
        <file name="header.jsx" path="/Users/dianey/myProjects/AirCnB/reviews-module/client/src/components/header.jsx">
          <metrics statements="4" coveredstatements="4" conditionals="4" coveredconditionals="4" methods="2" coveredmethods="2"/>
          <line num="1" count="2" type="stmt"/>
          <line num="4" count="8" type="cond" truecount="4" falsecount="0"/>
          <line num="6" count="2" type="stmt"/>
          <line num="7" count="1" type="stmt"/>
        </file>
      </package>
    </metrics>
  </project>
</coverage>
