<?xml version="1.0" encoding="UTF-8"?>
<coverage generated="1533032010110" clover="3.2.0">
  <project timestamp="1533032010110" name="All files">
    <metrics statements="147" coveredstatements="91" conditionals="190" coveredconditionals="103" methods="74" coveredmethods="59" elements="411" coveredelements="253" complexity="0" loc="147" ncloc="147" packages="2" files="9" classes="9">
      <package name="src">
        <metrics statements="1" coveredstatements="0" conditionals="4" coveredconditionals="0" methods="1" coveredmethods="0"/>
        <file name="index.jsx" path="/Users/dianey/myProjects/AirCnB/reviews-module/client/src/index.jsx">
          <metrics statements="1" coveredstatements="0" conditionals="4" coveredconditionals="0" methods="1" coveredmethods="0"/>
          <line num="3" count="0" type="cond" truecount="0" falsecount="4"/>
        </file>
      </package>
      <package name="src.components">
        <metrics statements="146" coveredstatements="91" conditionals="186" coveredconditionals="103" methods="73" coveredmethods="59"/>
        <file name="App.jsx" path="/Users/dianey/myProjects/AirCnB/reviews-module/client/src/components/App.jsx">
          <metrics statements="49" coveredstatements="10" conditionals="45" coveredconditionals="20" methods="24" coveredmethods="11"/>
          <line num="1" count="13" type="cond" truecount="5" falsecount="3"/>
          <line num="7" count="7" type="cond" truecount="14" falsecount="9"/>
          <line num="9" count="1" type="stmt"/>
          <line num="10" count="1" type="cond" truecount="1" falsecount="1"/>
          <line num="58" count="1" type="stmt"/>
          <line num="61" count="0" type="stmt"/>
          <line num="67" count="0" type="stmt"/>
          <line num="68" count="0" type="stmt"/>
          <line num="69" count="0" type="stmt"/>
          <line num="85" count="0" type="stmt"/>
          <line num="89" count="0" type="stmt"/>
          <line num="97" count="0" type="stmt"/>
          <line num="98" count="0" type="stmt"/>
          <line num="99" count="0" type="stmt"/>
          <line num="100" count="0" type="stmt"/>
          <line num="101" count="0" type="cond" truecount="0" falsecount="2"/>
          <line num="102" count="0" type="stmt"/>
          <line num="103" count="0" type="cond" truecount="0" falsecount="4"/>
          <line num="104" count="0" type="stmt"/>
          <line num="105" count="0" type="stmt"/>
          <line num="106" count="0" type="cond" truecount="0" falsecount="2"/>
          <line num="107" count="0" type="stmt"/>
          <line num="109" count="0" type="stmt"/>
          <line num="114" count="0" type="stmt"/>
          <line num="115" count="0" type="stmt"/>
          <line num="116" count="0" type="stmt"/>
          <line num="117" count="0" type="stmt"/>
          <line num="118" count="0" type="stmt"/>
          <line num="119" count="0" type="stmt"/>
          <line num="122" count="0" type="stmt"/>
          <line num="126" count="0" type="stmt"/>
          <line num="127" count="0" type="stmt"/>
          <line num="133" count="0" type="cond" truecount="0" falsecount="2"/>
          <line num="134" count="0" type="stmt"/>
          <line num="141" count="0" type="cond" truecount="0" falsecount="2"/>
          <line num="142" count="0" type="stmt"/>
          <line num="149" count="0" type="stmt"/>
          <line num="150" count="0" type="stmt"/>
          <line num="151" count="0" type="stmt"/>
          <line num="153" count="0" type="stmt"/>
          <line num="154" count="0" type="stmt"/>
          <line num="155" count="0" type="stmt"/>
          <line num="159" count="1" type="stmt"/>
          <line num="160" count="1" type="stmt"/>
          <line num="161" count="1" type="stmt"/>
          <line num="190" count="0" type="stmt"/>
          <line num="196" count="0" type="stmt"/>
          <line num="202" count="1" type="stmt"/>
          <line num="246" count="1" type="stmt"/>
        </file>
        <file name="Flag.jsx" path="/Users/dianey/myProjects/AirCnB/reviews-module/client/src/components/Flag.jsx">
          <metrics statements="7" coveredstatements="7" conditionals="6" coveredconditionals="5" methods="2" coveredmethods="2"/>
          <line num="1" count="2" type="stmt"/>
          <line num="3" count="6" type="cond" truecount="3" falsecount="1"/>
          <line num="5" count="2" type="stmt"/>
          <line num="6" count="4" type="cond" truecount="2" falsecount="0"/>
          <line num="7" count="3" type="stmt"/>
          <line num="45" count="1" type="stmt"/>
          <line num="51" count="2" type="stmt"/>
        </file>
        <file name="PageTabs.jsx" path="/Users/dianey/myProjects/AirCnB/reviews-module/client/src/components/PageTabs.jsx">
          <metrics statements="29" coveredstatements="18" conditionals="49" coveredconditionals="24" methods="14" coveredmethods="14"/>
          <line num="1" count="15" type="cond" truecount="5" falsecount="3"/>
          <line num="3" count="9" type="cond" truecount="13" falsecount="10"/>
          <line num="5" count="3" type="stmt"/>
          <line num="6" count="1" type="cond" truecount="1" falsecount="1"/>
          <line num="12" count="3" type="stmt"/>
          <line num="15" count="4" type="cond" truecount="2" falsecount="0"/>
          <line num="16" count="1" type="stmt"/>
          <line num="22" count="3" type="stmt"/>
          <line num="29" count="1" type="stmt"/>
          <line num="36" count="1" type="stmt"/>
          <line num="44" count="1" type="cond" truecount="1" falsecount="1"/>
          <line num="45" count="0" type="stmt"/>
          <line num="48" count="1" type="cond" truecount="1" falsecount="1"/>
          <line num="49" count="0" type="stmt"/>
          <line num="58" count="1" type="cond" truecount="1" falsecount="1"/>
          <line num="59" count="1" type="stmt"/>
          <line num="70" count="0" type="cond" truecount="0" falsecount="2"/>
          <line num="71" count="0" type="stmt"/>
          <line num="83" count="0" type="cond" truecount="0" falsecount="2"/>
          <line num="84" count="0" type="stmt"/>
          <line num="95" count="0" type="cond" truecount="0" falsecount="2"/>
          <line num="96" count="0" type="stmt"/>
          <line num="106" count="0" type="cond" truecount="0" falsecount="2"/>
          <line num="107" count="0" type="stmt"/>
          <line num="117" count="0" type="stmt"/>
          <line num="134" count="1" type="stmt"/>
          <line num="141" count="3" type="stmt"/>
          <line num="144" count="3" type="stmt"/>
          <line num="149" count="3" type="stmt"/>
        </file>
        <file name="ReviewList.jsx" path="/Users/dianey/myProjects/AirCnB/reviews-module/client/src/components/ReviewList.jsx">
          <metrics statements="26" coveredstatements="22" conditionals="39" coveredconditionals="23" methods="15" coveredmethods="14"/>
          <line num="1" count="10" type="cond" truecount="5" falsecount="3"/>
          <line num="4" count="8" type="cond" truecount="14" falsecount="9"/>
          <line num="6" count="2" type="stmt"/>
          <line num="7" count="1" type="cond" truecount="1" falsecount="1"/>
          <line num="18" count="2" type="stmt"/>
          <line num="21" count="1" type="stmt"/>
          <line num="34" count="1" type="stmt"/>
          <line num="35" count="1" type="stmt"/>
          <line num="38" count="0" type="stmt"/>
          <line num="60" count="1" type="stmt"/>
          <line num="61" count="1" type="stmt"/>
          <line num="62" count="1" type="stmt"/>
          <line num="63" count="1" type="stmt"/>
          <line num="64" count="1" type="stmt"/>
          <line num="65" count="7" type="cond" truecount="1" falsecount="1"/>
          <line num="66" count="0" type="stmt"/>
          <line num="69" count="1" type="stmt"/>
          <line num="73" count="1" type="stmt"/>
          <line num="85" count="1" type="cond" truecount="1" falsecount="1"/>
          <line num="86" count="0" type="stmt"/>
          <line num="91" count="1" type="cond" truecount="1" falsecount="1"/>
          <line num="92" count="0" type="stmt"/>
          <line num="98" count="1" type="stmt"/>
          <line num="105" count="2" type="stmt"/>
          <line num="108" count="2" type="stmt"/>
          <line num="145" count="2" type="stmt"/>
        </file>
        <file name="ReviewStats.jsx" path="/Users/dianey/myProjects/AirCnB/reviews-module/client/src/components/ReviewStats.jsx">
          <metrics statements="6" coveredstatements="6" conditionals="4" coveredconditionals="4" methods="2" coveredmethods="2"/>
          <line num="1" count="2" type="stmt"/>
          <line num="4" count="8" type="cond" truecount="4" falsecount="0"/>
          <line num="6" count="2" type="stmt"/>
          <line num="7" count="1" type="stmt"/>
          <line num="41" count="2" type="stmt"/>
          <line num="49" count="2" type="stmt"/>
        </file>
        <file name="Search.jsx" path="/Users/dianey/myProjects/AirCnB/reviews-module/client/src/components/Search.jsx">
          <metrics statements="4" coveredstatements="4" conditionals="4" coveredconditionals="3" methods="2" coveredmethods="2"/>
          <line num="1" count="3" type="stmt"/>
          <line num="3" count="9" type="cond" truecount="3" falsecount="1"/>
          <line num="5" count="3" type="stmt"/>
          <line num="22" count="3" type="stmt"/>
        </file>
        <file name="Stars.jsx" path="/Users/dianey/myProjects/AirCnB/reviews-module/client/src/components/Stars.jsx">
          <metrics statements="19" coveredstatements="18" conditionals="35" coveredconditionals="20" methods="12" coveredmethods="12"/>
          <line num="1" count="8" type="cond" truecount="5" falsecount="3"/>
          <line num="3" count="12" type="cond" truecount="13" falsecount="10"/>
          <line num="5" count="4" type="stmt"/>
          <line num="6" count="1" type="cond" truecount="1" falsecount="1"/>
          <line num="8" count="4" type="stmt"/>
          <line num="11" count="1" type="stmt"/>
          <line num="12" count="1" type="stmt"/>
          <line num="13" count="1" type="stmt"/>
          <line num="14" count="1" type="stmt"/>
          <line num="15" count="4" type="stmt"/>
          <line num="17" count="1" type="cond" truecount="1" falsecount="1"/>
          <line num="18" count="1" type="stmt"/>
          <line num="20" count="1" type="stmt"/>
          <line num="21" count="0" type="stmt"/>
          <line num="23" count="1" type="stmt"/>
          <line num="26" count="1" type="stmt"/>
          <line num="35" count="4" type="stmt"/>
          <line num="38" count="4" type="stmt"/>
          <line num="42" count="4" type="stmt"/>
        </file>
        <file name="header.jsx" path="/Users/dianey/myProjects/AirCnB/reviews-module/client/src/components/header.jsx">
          <metrics statements="6" coveredstatements="6" conditionals="4" coveredconditionals="4" methods="2" coveredmethods="2"/>
          <line num="1" count="2" type="stmt"/>
          <line num="5" count="10" type="cond" truecount="4" falsecount="0"/>
          <line num="7" count="2" type="stmt"/>
          <line num="8" count="1" type="stmt"/>
          <line num="32" count="2" type="stmt"/>
          <line num="37" count="2" type="stmt"/>
        </file>
      </package>
    </metrics>
  </project>
</coverage>
