{"/Users/dianey/myProjects/AirCnB/reviews-module/client/src/index.jsx": {"path":"/Users/dianey/myProjects/AirCnB/reviews-module/client/src/index.jsx","statementMap":{"0":{"start":{"line":3,"column":175},"end":{"line":3,"column":229}}},"fnMap":{"0":{"name":"_interopRequireDefault","decl":{"start":{"line":3,"column":146},"end":{"line":3,"column":168}},"loc":{"start":{"line":3,"column":174},"end":{"line":3,"column":230}},"line":3}},"branchMap":{"0":{"loc":{"start":{"line":3,"column":182},"end":{"line":3,"column":228}},"type":"cond-expr","locations":[{"start":{"line":3,"column":206},"end":{"line":3,"column":209}},{"start":{"line":3,"column":212},"end":{"line":3,"column":228}}],"line":3},"1":{"loc":{"start":{"line":3,"column":182},"end":{"line":3,"column":203}},"type":"binary-expr","locations":[{"start":{"line":3,"column":182},"end":{"line":3,"column":185}},{"start":{"line":3,"column":189},"end":{"line":3,"column":203}}],"line":3}},"s":{"0":0},"f":{"0":0},"b":{"0":[0,0],"1":[0,0]}}
,"/Users/dianey/myProjects/AirCnB/reviews-module/client/src/components/App.jsx": {"path":"/Users/dianey/myProjects/AirCnB/reviews-module/client/src/components/App.jsx","statementMap":{"0":{"start":{"line":1,"column":39},"end":{"line":1,"column":101}},"1":{"start":{"line":1,"column":120},"end":{"line":1,"column":649}},"2":{"start":{"line":1,"column":175},"end":{"line":1,"column":440}},"3":{"start":{"line":1,"column":232},"end":{"line":1,"column":240}},"4":{"start":{"line":1,"column":241},"end":{"line":1,"column":296}},"5":{"start":{"line":1,"column":296},"end":{"line":1,"column":327}},"6":{"start":{"line":1,"column":327},"end":{"line":1,"column":381}},"7":{"start":{"line":1,"column":354},"end":{"line":1,"column":381}},"8":{"start":{"line":1,"column":381},"end":{"line":1,"column":439}},"9":{"start":{"line":1,"column":441},"end":{"line":1,"column":646}},"10":{"start":{"line":1,"column":497},"end":{"line":1,"column":565}},"11":{"start":{"line":1,"column":513},"end":{"line":1,"column":565}},"12":{"start":{"line":1,"column":565},"end":{"line":1,"column":625}},"13":{"start":{"line":1,"column":582},"end":{"line":1,"column":625}},"14":{"start":{"line":1,"column":625},"end":{"line":1,"column":644}},"15":{"start":{"line":7,"column":168},"end":{"line":7,"column":222}},"16":{"start":{"line":7,"column":272},"end":{"line":7,"column":371}},"17":{"start":{"line":7,"column":313},"end":{"line":7,"column":370}},"18":{"start":{"line":7,"column":421},"end":{"line":7,"column":520}},"19":{"start":{"line":7,"column":433},"end":{"line":7,"column":519}},"20":{"start":{"line":7,"column":520},"end":{"line":7,"column":606}},"21":{"start":{"line":7,"column":649},"end":{"line":7,"column":812}},"22":{"start":{"line":7,"column":711},"end":{"line":7,"column":811}},"23":{"start":{"line":7,"column":812},"end":{"line":7,"column":976}},"24":{"start":{"line":7,"column":976},"end":{"line":7,"column":1094}},"25":{"start":{"line":7,"column":992},"end":{"line":7,"column":1094}},"26":{"start":{"line":9,"column":6},"end":{"line":244,"column":101}},"27":{"start":{"line":9,"column":35},"end":{"line":9,"column":68}},"28":{"start":{"line":10,"column":113},"end":{"line":11,"column":9}},"29":{"start":{"line":58,"column":2},"end":{"line":244,"column":8}},"30":{"start":{"line":61,"column":3},"end":{"line":62,"column":38}},"31":{"start":{"line":67,"column":20},"end":{"line":67,"column":41}},"32":{"start":{"line":68,"column":12},"end":{"line":68,"column":46}},"33":{"start":{"line":69,"column":3},"end":{"line":69,"column":45}},"34":{"start":{"line":85,"column":3},"end":{"line":85,"column":26}},"35":{"start":{"line":89,"column":3},"end":{"line":92,"column":18}},"36":{"start":{"line":97,"column":16},"end":{"line":97,"column":33}},"37":{"start":{"line":98,"column":15},"end":{"line":98,"column":32}},"38":{"start":{"line":99,"column":15},"end":{"line":99,"column":23}},"39":{"start":{"line":100,"column":15},"end":{"line":100,"column":33}},"40":{"start":{"line":101,"column":3},"end":{"line":110,"column":4}},"41":{"start":{"line":102,"column":4},"end":{"line":102,"column":18}},"42":{"start":{"line":103,"column":10},"end":{"line":110,"column":4}},"43":{"start":{"line":104,"column":17},"end":{"line":104,"column":29}},"44":{"start":{"line":105,"column":4},"end":{"line":105,"column":19}},"45":{"start":{"line":106,"column":10},"end":{"line":110,"column":4}},"46":{"start":{"line":107,"column":4},"end":{"line":107,"column":13}},"47":{"start":{"line":109,"column":4},"end":{"line":109,"column":22}},"48":{"start":{"line":114,"column":15},"end":{"line":114,"column":16}},"49":{"start":{"line":115,"column":15},"end":{"line":115,"column":16}},"50":{"start":{"line":116,"column":3},"end":{"line":121,"column":4}},"51":{"start":{"line":117,"column":4},"end":{"line":120,"column":5}},"52":{"start":{"line":118,"column":5},"end":{"line":118,"column":42}},"53":{"start":{"line":119,"column":5},"end":{"line":119,"column":16}},"54":{"start":{"line":122,"column":3},"end":{"line":122,"column":66}},"55":{"start":{"line":126,"column":17},"end":{"line":126,"column":49}},"56":{"start":{"line":127,"column":3},"end":{"line":128,"column":24}},"57":{"start":{"line":133,"column":3},"end":{"line":137,"column":4}},"58":{"start":{"line":134,"column":4},"end":{"line":135,"column":42}},"59":{"start":{"line":141,"column":3},"end":{"line":145,"column":4}},"60":{"start":{"line":142,"column":4},"end":{"line":143,"column":42}},"61":{"start":{"line":149,"column":15},"end":{"line":149,"column":16}},"62":{"start":{"line":150,"column":3},"end":{"line":152,"column":4}},"63":{"start":{"line":151,"column":4},"end":{"line":151,"column":38}},"64":{"start":{"line":153,"column":22},"end":{"line":153,"column":68}},"65":{"start":{"line":154,"column":23},"end":{"line":154,"column":53}},"66":{"start":{"line":155,"column":3},"end":{"line":155,"column":24}},"67":{"start":{"line":159,"column":14},"end":{"line":159,"column":18}},"68":{"start":{"line":160,"column":12},"end":{"line":160,"column":46}},"69":{"start":{"line":161,"column":3},"end":{"line":161,"column":45}},"70":{"start":{"line":190,"column":3},"end":{"line":191,"column":23}},"71":{"start":{"line":196,"column":3},"end":{"line":197,"column":24}},"72":{"start":{"line":202,"column":3},"end":{"line":238,"column":53}},"73":{"start":{"line":244,"column":8},"end":{"line":244,"column":19}}},"fnMap":{"0":{"name":"(anonymous_0)","decl":{"start":{"line":1,"column":120},"end":{"line":1,"column":121}},"loc":{"start":{"line":1,"column":132},"end":{"line":1,"column":647}},"line":1},"1":{"name":"defineProperties","decl":{"start":{"line":1,"column":142},"end":{"line":1,"column":158}},"loc":{"start":{"line":1,"column":174},"end":{"line":1,"column":441}},"line":1},"2":{"name":"(anonymous_2)","decl":{"start":{"line":1,"column":448},"end":{"line":1,"column":449}},"loc":{"start":{"line":1,"column":496},"end":{"line":1,"column":645}},"line":1},"3":{"name":"_interopRequireDefault","decl":{"start":{"line":7,"column":139},"end":{"line":7,"column":161}},"loc":{"start":{"line":7,"column":167},"end":{"line":7,"column":223}},"line":7},"4":{"name":"_classCallCheck","decl":{"start":{"line":7,"column":232},"end":{"line":7,"column":247}},"loc":{"start":{"line":7,"column":271},"end":{"line":7,"column":372}},"line":7},"5":{"name":"_possibleConstructorReturn","decl":{"start":{"line":7,"column":381},"end":{"line":7,"column":407}},"loc":{"start":{"line":7,"column":420},"end":{"line":7,"column":607}},"line":7},"6":{"name":"_inherits","decl":{"start":{"line":7,"column":616},"end":{"line":7,"column":625}},"loc":{"start":{"line":7,"column":648},"end":{"line":7,"column":1095}},"line":7},"7":{"name":"(anonymous_7)","decl":{"start":{"line":9,"column":6},"end":{"line":9,"column":7}},"loc":{"start":{"line":9,"column":34},"end":{"line":244,"column":20}},"line":9},"8":{"name":"App","decl":{"start":{"line":10,"column":36},"end":{"line":10,"column":39}},"loc":{"start":{"line":10,"column":47},"end":{"line":58,"column":2}},"line":10},"9":{"name":"handleChange","decl":{"start":{"line":58,"column":60},"end":{"line":58,"column":72}},"loc":{"start":{"line":60,"column":9},"end":{"line":64,"column":3}},"line":60},"10":{"name":"searchReviews","decl":{"start":{"line":64,"column":47},"end":{"line":64,"column":60}},"loc":{"start":{"line":66,"column":2},"end":{"line":86,"column":3}},"line":66},"11":{"name":"showAllReviews","decl":{"start":{"line":86,"column":48},"end":{"line":86,"column":62}},"loc":{"start":{"line":88,"column":2},"end":{"line":94,"column":3}},"line":88},"12":{"name":"roundRating","decl":{"start":{"line":94,"column":45},"end":{"line":94,"column":56}},"loc":{"start":{"line":96,"column":10},"end":{"line":111,"column":3}},"line":96},"13":{"name":"calculateAvgRating","decl":{"start":{"line":111,"column":52},"end":{"line":111,"column":70}},"loc":{"start":{"line":113,"column":11},"end":{"line":123,"column":3}},"line":113},"14":{"name":"changePage","decl":{"start":{"line":123,"column":44},"end":{"line":123,"column":54}},"loc":{"start":{"line":125,"column":9},"end":{"line":130,"column":3}},"line":125},"15":{"name":"goPrevPage","decl":{"start":{"line":130,"column":44},"end":{"line":130,"column":54}},"loc":{"start":{"line":132,"column":2},"end":{"line":138,"column":3}},"line":132},"16":{"name":"(anonymous_16)","decl":{"start":{"line":134,"column":18},"end":{"line":134,"column":19}},"loc":{"start":{"line":134,"column":65},"end":{"line":135,"column":40}},"line":134},"17":{"name":"goNextPage","decl":{"start":{"line":138,"column":44},"end":{"line":138,"column":54}},"loc":{"start":{"line":140,"column":16},"end":{"line":146,"column":3}},"line":140},"18":{"name":"(anonymous_18)","decl":{"start":{"line":142,"column":18},"end":{"line":142,"column":19}},"loc":{"start":{"line":142,"column":65},"end":{"line":143,"column":40}},"line":142},"19":{"name":"calculateRating","decl":{"start":{"line":146,"column":49},"end":{"line":146,"column":64}},"loc":{"start":{"line":148,"column":18},"end":{"line":156,"column":3}},"line":148},"20":{"name":"componentDidMount","decl":{"start":{"line":156,"column":51},"end":{"line":156,"column":68}},"loc":{"start":{"line":158,"column":2},"end":{"line":187,"column":3}},"line":158},"21":{"name":"renderFlagPopUp","decl":{"start":{"line":187,"column":49},"end":{"line":187,"column":64}},"loc":{"start":{"line":189,"column":2},"end":{"line":193,"column":3}},"line":189},"22":{"name":"closeFlag","decl":{"start":{"line":193,"column":43},"end":{"line":193,"column":52}},"loc":{"start":{"line":195,"column":2},"end":{"line":199,"column":3}},"line":195},"23":{"name":"render","decl":{"start":{"line":199,"column":40},"end":{"line":199,"column":46}},"loc":{"start":{"line":201,"column":2},"end":{"line":244,"column":3}},"line":201}},"branchMap":{"0":{"loc":{"start":{"line":1,"column":265},"end":{"line":1,"column":295}},"type":"binary-expr","locations":[{"start":{"line":1,"column":265},"end":{"line":1,"column":286}},{"start":{"line":1,"column":290},"end":{"line":1,"column":295}}],"line":1},"1":{"loc":{"start":{"line":1,"column":327},"end":{"line":1,"column":381}},"type":"if","locations":[{"start":{"line":1,"column":327},"end":{"line":1,"column":381}},{"start":{"line":1,"column":327},"end":{"line":1,"column":381}}],"line":1},"2":{"loc":{"start":{"line":1,"column":497},"end":{"line":1,"column":565}},"type":"if","locations":[{"start":{"line":1,"column":497},"end":{"line":1,"column":565}},{"start":{"line":1,"column":497},"end":{"line":1,"column":565}}],"line":1},"3":{"loc":{"start":{"line":1,"column":565},"end":{"line":1,"column":625}},"type":"if","locations":[{"start":{"line":1,"column":565},"end":{"line":1,"column":625}},{"start":{"line":1,"column":565},"end":{"line":1,"column":625}}],"line":1},"4":{"loc":{"start":{"line":7,"column":175},"end":{"line":7,"column":221}},"type":"cond-expr","locations":[{"start":{"line":7,"column":199},"end":{"line":7,"column":202}},{"start":{"line":7,"column":205},"end":{"line":7,"column":221}}],"line":7},"5":{"loc":{"start":{"line":7,"column":175},"end":{"line":7,"column":196}},"type":"binary-expr","locations":[{"start":{"line":7,"column":175},"end":{"line":7,"column":178}},{"start":{"line":7,"column":182},"end":{"line":7,"column":196}}],"line":7},"6":{"loc":{"start":{"line":7,"column":272},"end":{"line":7,"column":371}},"type":"if","locations":[{"start":{"line":7,"column":272},"end":{"line":7,"column":371}},{"start":{"line":7,"column":272},"end":{"line":7,"column":371}}],"line":7},"7":{"loc":{"start":{"line":7,"column":421},"end":{"line":7,"column":520}},"type":"if","locations":[{"start":{"line":7,"column":421},"end":{"line":7,"column":520}},{"start":{"line":7,"column":421},"end":{"line":7,"column":520}}],"line":7},"8":{"loc":{"start":{"line":7,"column":527},"end":{"line":7,"column":605}},"type":"cond-expr","locations":[{"start":{"line":7,"column":594},"end":{"line":7,"column":598}},{"start":{"line":7,"column":601},"end":{"line":7,"column":605}}],"line":7},"9":{"loc":{"start":{"line":7,"column":527},"end":{"line":7,"column":591}},"type":"binary-expr","locations":[{"start":{"line":7,"column":527},"end":{"line":7,"column":531}},{"start":{"line":7,"column":536},"end":{"line":7,"column":560}},{"start":{"line":7,"column":564},"end":{"line":7,"column":590}}],"line":7},"10":{"loc":{"start":{"line":7,"column":649},"end":{"line":7,"column":812}},"type":"if","locations":[{"start":{"line":7,"column":649},"end":{"line":7,"column":812}},{"start":{"line":7,"column":649},"end":{"line":7,"column":812}}],"line":7},"11":{"loc":{"start":{"line":7,"column":653},"end":{"line":7,"column":708}},"type":"binary-expr","locations":[{"start":{"line":7,"column":653},"end":{"line":7,"column":685}},{"start":{"line":7,"column":689},"end":{"line":7,"column":708}}],"line":7},"12":{"loc":{"start":{"line":7,"column":847},"end":{"line":7,"column":881}},"type":"binary-expr","locations":[{"start":{"line":7,"column":847},"end":{"line":7,"column":857}},{"start":{"line":7,"column":861},"end":{"line":7,"column":881}}],"line":7},"13":{"loc":{"start":{"line":7,"column":976},"end":{"line":7,"column":1094}},"type":"if","locations":[{"start":{"line":7,"column":976},"end":{"line":7,"column":1094}},{"start":{"line":7,"column":976},"end":{"line":7,"column":1094}}],"line":7},"14":{"loc":{"start":{"line":7,"column":992},"end":{"line":7,"column":1093}},"type":"cond-expr","locations":[{"start":{"line":7,"column":1016},"end":{"line":7,"column":1059}},{"start":{"line":7,"column":1062},"end":{"line":7,"column":1093}}],"line":7},"15":{"loc":{"start":{"line":10,"column":147},"end":{"line":10,"column":190}},"type":"binary-expr","locations":[{"start":{"line":10,"column":147},"end":{"line":10,"column":160}},{"start":{"line":10,"column":164},"end":{"line":10,"column":190}}],"line":10},"16":{"loc":{"start":{"line":101,"column":3},"end":{"line":110,"column":4}},"type":"if","locations":[{"start":{"line":101,"column":3},"end":{"line":110,"column":4}},{"start":{"line":101,"column":3},"end":{"line":110,"column":4}}],"line":101},"17":{"loc":{"start":{"line":103,"column":10},"end":{"line":110,"column":4}},"type":"if","locations":[{"start":{"line":103,"column":10},"end":{"line":110,"column":4}},{"start":{"line":103,"column":10},"end":{"line":110,"column":4}}],"line":103},"18":{"loc":{"start":{"line":103,"column":14},"end":{"line":103,"column":39}},"type":"binary-expr","locations":[{"start":{"line":103,"column":14},"end":{"line":103,"column":25}},{"start":{"line":103,"column":29},"end":{"line":103,"column":39}}],"line":103},"19":{"loc":{"start":{"line":106,"column":10},"end":{"line":110,"column":4}},"type":"if","locations":[{"start":{"line":106,"column":10},"end":{"line":110,"column":4}},{"start":{"line":106,"column":10},"end":{"line":110,"column":4}}],"line":106},"20":{"loc":{"start":{"line":133,"column":3},"end":{"line":137,"column":4}},"type":"if","locations":[{"start":{"line":133,"column":3},"end":{"line":137,"column":4}},{"start":{"line":133,"column":3},"end":{"line":137,"column":4}}],"line":133},"21":{"loc":{"start":{"line":141,"column":3},"end":{"line":145,"column":4}},"type":"if","locations":[{"start":{"line":141,"column":3},"end":{"line":145,"column":4}},{"start":{"line":141,"column":3},"end":{"line":145,"column":4}}],"line":141}},"s":{"0":1,"1":1,"2":1,"3":13,"4":13,"5":13,"6":13,"7":13,"8":13,"9":1,"10":1,"11":1,"12":1,"13":0,"14":1,"15":7,"16":1,"17":0,"18":1,"19":0,"20":1,"21":1,"22":0,"23":1,"24":1,"25":1,"26":1,"27":1,"28":1,"29":1,"30":0,"31":0,"32":0,"33":0,"34":0,"35":0,"36":0,"37":0,"38":0,"39":0,"40":0,"41":0,"42":0,"43":0,"44":0,"45":0,"46":0,"47":0,"48":0,"49":0,"50":0,"51":0,"52":0,"53":0,"54":0,"55":0,"56":0,"57":0,"58":0,"59":0,"60":0,"61":0,"62":0,"63":0,"64":0,"65":0,"66":0,"67":1,"68":1,"69":1,"70":0,"71":0,"72":1,"73":1},"f":{"0":1,"1":1,"2":1,"3":7,"4":1,"5":1,"6":1,"7":1,"8":1,"9":0,"10":0,"11":0,"12":0,"13":0,"14":0,"15":0,"16":0,"17":0,"18":0,"19":0,"20":1,"21":0,"22":0,"23":1},"b":{"0":[13,13],"1":[13,0],"2":[1,0],"3":[0,1],"4":[4,3],"5":[7,7],"6":[0,1],"7":[0,1],"8":[0,1],"9":[1,0,0],"10":[0,1],"11":[1,0],"12":[1,1],"13":[1,0],"14":[1,0],"15":[1,0],"16":[0,0],"17":[0,0],"18":[0,0],"19":[0,0],"20":[0,0],"21":[0,0]},"_coverageSchema":"332fd63041d2c1bcb487cc26dd0d5f7d97098a6c","hash":"d3b39d53cd8cced889828883ad42e2d049044c95"}
,"/Users/dianey/myProjects/AirCnB/reviews-module/client/src/components/Flag.jsx": {"path":"/Users/dianey/myProjects/AirCnB/reviews-module/client/src/components/Flag.jsx","statementMap":{"0":{"start":{"line":1,"column":39},"end":{"line":1,"column":101}},"1":{"start":{"line":3,"column":183},"end":{"line":3,"column":237}},"2":{"start":{"line":5,"column":11},"end":{"line":49,"column":1}},"3":{"start":{"line":6,"column":2},"end":{"line":48,"column":3}},"4":{"start":{"line":7,"column":4},"end":{"line":40,"column":264}},"5":{"start":{"line":45,"column":4},"end":{"line":46,"column":146}},"6":{"start":{"line":51,"column":0},"end":{"line":53,"column":93}}},"fnMap":{"0":{"name":"_interopRequireDefault","decl":{"start":{"line":3,"column":154},"end":{"line":3,"column":176}},"loc":{"start":{"line":3,"column":182},"end":{"line":3,"column":238}},"line":3},"1":{"name":"Flag","decl":{"start":{"line":5,"column":20},"end":{"line":5,"column":24}},"loc":{"start":{"line":5,"column":32},"end":{"line":49,"column":1}},"line":5}},"branchMap":{"0":{"loc":{"start":{"line":3,"column":190},"end":{"line":3,"column":236}},"type":"cond-expr","locations":[{"start":{"line":3,"column":214},"end":{"line":3,"column":217}},{"start":{"line":3,"column":220},"end":{"line":3,"column":236}}],"line":3},"1":{"loc":{"start":{"line":3,"column":190},"end":{"line":3,"column":211}},"type":"binary-expr","locations":[{"start":{"line":3,"column":190},"end":{"line":3,"column":193}},{"start":{"line":3,"column":197},"end":{"line":3,"column":211}}],"line":3},"2":{"loc":{"start":{"line":6,"column":2},"end":{"line":48,"column":3}},"type":"if","locations":[{"start":{"line":6,"column":2},"end":{"line":48,"column":3}},{"start":{"line":6,"column":2},"end":{"line":48,"column":3}}],"line":6}},"s":{"0":2,"1":6,"2":2,"3":4,"4":3,"5":1,"6":2},"f":{"0":6,"1":4},"b":{"0":[0,6],"1":[6,6],"2":[3,1]},"_coverageSchema":"332fd63041d2c1bcb487cc26dd0d5f7d97098a6c","hash":"2948f74806c02e8360d55c2ee12634c8accb960b"}
,"/Users/dianey/myProjects/AirCnB/reviews-module/client/src/components/PageTabs.jsx": {"path":"/Users/dianey/myProjects/AirCnB/reviews-module/client/src/components/PageTabs.jsx","statementMap":{"0":{"start":{"line":1,"column":39},"end":{"line":1,"column":101}},"1":{"start":{"line":1,"column":120},"end":{"line":1,"column":649}},"2":{"start":{"line":1,"column":175},"end":{"line":1,"column":440}},"3":{"start":{"line":1,"column":232},"end":{"line":1,"column":240}},"4":{"start":{"line":1,"column":241},"end":{"line":1,"column":296}},"5":{"start":{"line":1,"column":296},"end":{"line":1,"column":327}},"6":{"start":{"line":1,"column":327},"end":{"line":1,"column":381}},"7":{"start":{"line":1,"column":354},"end":{"line":1,"column":381}},"8":{"start":{"line":1,"column":381},"end":{"line":1,"column":439}},"9":{"start":{"line":1,"column":441},"end":{"line":1,"column":646}},"10":{"start":{"line":1,"column":497},"end":{"line":1,"column":565}},"11":{"start":{"line":1,"column":513},"end":{"line":1,"column":565}},"12":{"start":{"line":1,"column":565},"end":{"line":1,"column":625}},"13":{"start":{"line":1,"column":582},"end":{"line":1,"column":625}},"14":{"start":{"line":1,"column":625},"end":{"line":1,"column":644}},"15":{"start":{"line":3,"column":183},"end":{"line":3,"column":237}},"16":{"start":{"line":3,"column":287},"end":{"line":3,"column":386}},"17":{"start":{"line":3,"column":328},"end":{"line":3,"column":385}},"18":{"start":{"line":3,"column":436},"end":{"line":3,"column":535}},"19":{"start":{"line":3,"column":448},"end":{"line":3,"column":534}},"20":{"start":{"line":3,"column":535},"end":{"line":3,"column":621}},"21":{"start":{"line":3,"column":664},"end":{"line":3,"column":827}},"22":{"start":{"line":3,"column":726},"end":{"line":3,"column":826}},"23":{"start":{"line":3,"column":827},"end":{"line":3,"column":991}},"24":{"start":{"line":3,"column":991},"end":{"line":3,"column":1109}},"25":{"start":{"line":3,"column":1007},"end":{"line":3,"column":1109}},"26":{"start":{"line":5,"column":11},"end":{"line":141,"column":106}},"27":{"start":{"line":5,"column":40},"end":{"line":5,"column":78}},"28":{"start":{"line":6,"column":123},"end":{"line":7,"column":9}},"29":{"start":{"line":12,"column":2},"end":{"line":141,"column":8}},"30":{"start":{"line":15,"column":3},"end":{"line":21,"column":4}},"31":{"start":{"line":16,"column":4},"end":{"line":18,"column":169}},"32":{"start":{"line":22,"column":3},"end":{"line":24,"column":168}},"33":{"start":{"line":29,"column":3},"end":{"line":31,"column":386}},"34":{"start":{"line":36,"column":3},"end":{"line":38,"column":386}},"35":{"start":{"line":44,"column":3},"end":{"line":130,"column":4}},"36":{"start":{"line":45,"column":4},"end":{"line":46,"column":159}},"37":{"start":{"line":48,"column":10},"end":{"line":130,"column":4}},"38":{"start":{"line":49,"column":4},"end":{"line":55,"column":33}},"39":{"start":{"line":58,"column":10},"end":{"line":130,"column":4}},"40":{"start":{"line":59,"column":4},"end":{"line":67,"column":33}},"41":{"start":{"line":70,"column":10},"end":{"line":130,"column":4}},"42":{"start":{"line":71,"column":4},"end":{"line":80,"column":33}},"43":{"start":{"line":83,"column":10},"end":{"line":130,"column":4}},"44":{"start":{"line":84,"column":4},"end":{"line":92,"column":33}},"45":{"start":{"line":95,"column":10},"end":{"line":130,"column":4}},"46":{"start":{"line":96,"column":4},"end":{"line":103,"column":33}},"47":{"start":{"line":106,"column":10},"end":{"line":130,"column":4}},"48":{"start":{"line":107,"column":4},"end":{"line":113,"column":44}},"49":{"start":{"line":117,"column":4},"end":{"line":127,"column":33}},"50":{"start":{"line":134,"column":3},"end":{"line":137,"column":31}},"51":{"start":{"line":141,"column":8},"end":{"line":141,"column":24}},"52":{"start":{"line":144,"column":0},"end":{"line":146,"column":16}},"53":{"start":{"line":149,"column":0},"end":{"line":154,"column":93}}},"fnMap":{"0":{"name":"(anonymous_0)","decl":{"start":{"line":1,"column":120},"end":{"line":1,"column":121}},"loc":{"start":{"line":1,"column":132},"end":{"line":1,"column":647}},"line":1},"1":{"name":"defineProperties","decl":{"start":{"line":1,"column":142},"end":{"line":1,"column":158}},"loc":{"start":{"line":1,"column":174},"end":{"line":1,"column":441}},"line":1},"2":{"name":"(anonymous_2)","decl":{"start":{"line":1,"column":448},"end":{"line":1,"column":449}},"loc":{"start":{"line":1,"column":496},"end":{"line":1,"column":645}},"line":1},"3":{"name":"_interopRequireDefault","decl":{"start":{"line":3,"column":154},"end":{"line":3,"column":176}},"loc":{"start":{"line":3,"column":182},"end":{"line":3,"column":238}},"line":3},"4":{"name":"_classCallCheck","decl":{"start":{"line":3,"column":247},"end":{"line":3,"column":262}},"loc":{"start":{"line":3,"column":286},"end":{"line":3,"column":387}},"line":3},"5":{"name":"_possibleConstructorReturn","decl":{"start":{"line":3,"column":396},"end":{"line":3,"column":422}},"loc":{"start":{"line":3,"column":435},"end":{"line":3,"column":622}},"line":3},"6":{"name":"_inherits","decl":{"start":{"line":3,"column":631},"end":{"line":3,"column":640}},"loc":{"start":{"line":3,"column":663},"end":{"line":3,"column":1110}},"line":3},"7":{"name":"(anonymous_7)","decl":{"start":{"line":5,"column":11},"end":{"line":5,"column":12}},"loc":{"start":{"line":5,"column":39},"end":{"line":141,"column":25}},"line":5},"8":{"name":"PageTabs","decl":{"start":{"line":6,"column":36},"end":{"line":6,"column":44}},"loc":{"start":{"line":6,"column":52},"end":{"line":12,"column":2}},"line":6},"9":{"name":"displayTab","decl":{"start":{"line":12,"column":63},"end":{"line":12,"column":73}},"loc":{"start":{"line":14,"column":10},"end":{"line":27,"column":3}},"line":14},"10":{"name":"displayLeftArrow","decl":{"start":{"line":27,"column":50},"end":{"line":27,"column":66}},"loc":{"start":{"line":28,"column":2},"end":{"line":34,"column":3}},"line":28},"11":{"name":"displayRightArrow","decl":{"start":{"line":34,"column":51},"end":{"line":34,"column":68}},"loc":{"start":{"line":35,"column":2},"end":{"line":41,"column":3}},"line":35},"12":{"name":"displayAllTabs","decl":{"start":{"line":41,"column":48},"end":{"line":41,"column":62}},"loc":{"start":{"line":43,"column":2},"end":{"line":131,"column":3}},"line":43},"13":{"name":"render","decl":{"start":{"line":131,"column":40},"end":{"line":131,"column":46}},"loc":{"start":{"line":133,"column":2},"end":{"line":141,"column":3}},"line":133}},"branchMap":{"0":{"loc":{"start":{"line":1,"column":265},"end":{"line":1,"column":295}},"type":"binary-expr","locations":[{"start":{"line":1,"column":265},"end":{"line":1,"column":286}},{"start":{"line":1,"column":290},"end":{"line":1,"column":295}}],"line":1},"1":{"loc":{"start":{"line":1,"column":327},"end":{"line":1,"column":381}},"type":"if","locations":[{"start":{"line":1,"column":327},"end":{"line":1,"column":381}},{"start":{"line":1,"column":327},"end":{"line":1,"column":381}}],"line":1},"2":{"loc":{"start":{"line":1,"column":497},"end":{"line":1,"column":565}},"type":"if","locations":[{"start":{"line":1,"column":497},"end":{"line":1,"column":565}},{"start":{"line":1,"column":497},"end":{"line":1,"column":565}}],"line":1},"3":{"loc":{"start":{"line":1,"column":565},"end":{"line":1,"column":625}},"type":"if","locations":[{"start":{"line":1,"column":565},"end":{"line":1,"column":625}},{"start":{"line":1,"column":565},"end":{"line":1,"column":625}}],"line":1},"4":{"loc":{"start":{"line":3,"column":190},"end":{"line":3,"column":236}},"type":"cond-expr","locations":[{"start":{"line":3,"column":214},"end":{"line":3,"column":217}},{"start":{"line":3,"column":220},"end":{"line":3,"column":236}}],"line":3},"5":{"loc":{"start":{"line":3,"column":190},"end":{"line":3,"column":211}},"type":"binary-expr","locations":[{"start":{"line":3,"column":190},"end":{"line":3,"column":193}},{"start":{"line":3,"column":197},"end":{"line":3,"column":211}}],"line":3},"6":{"loc":{"start":{"line":3,"column":287},"end":{"line":3,"column":386}},"type":"if","locations":[{"start":{"line":3,"column":287},"end":{"line":3,"column":386}},{"start":{"line":3,"column":287},"end":{"line":3,"column":386}}],"line":3},"7":{"loc":{"start":{"line":3,"column":436},"end":{"line":3,"column":535}},"type":"if","locations":[{"start":{"line":3,"column":436},"end":{"line":3,"column":535}},{"start":{"line":3,"column":436},"end":{"line":3,"column":535}}],"line":3},"8":{"loc":{"start":{"line":3,"column":542},"end":{"line":3,"column":620}},"type":"cond-expr","locations":[{"start":{"line":3,"column":609},"end":{"line":3,"column":613}},{"start":{"line":3,"column":616},"end":{"line":3,"column":620}}],"line":3},"9":{"loc":{"start":{"line":3,"column":542},"end":{"line":3,"column":606}},"type":"binary-expr","locations":[{"start":{"line":3,"column":542},"end":{"line":3,"column":546}},{"start":{"line":3,"column":551},"end":{"line":3,"column":575}},{"start":{"line":3,"column":579},"end":{"line":3,"column":605}}],"line":3},"10":{"loc":{"start":{"line":3,"column":664},"end":{"line":3,"column":827}},"type":"if","locations":[{"start":{"line":3,"column":664},"end":{"line":3,"column":827}},{"start":{"line":3,"column":664},"end":{"line":3,"column":827}}],"line":3},"11":{"loc":{"start":{"line":3,"column":668},"end":{"line":3,"column":723}},"type":"binary-expr","locations":[{"start":{"line":3,"column":668},"end":{"line":3,"column":700}},{"start":{"line":3,"column":704},"end":{"line":3,"column":723}}],"line":3},"12":{"loc":{"start":{"line":3,"column":862},"end":{"line":3,"column":896}},"type":"binary-expr","locations":[{"start":{"line":3,"column":862},"end":{"line":3,"column":872}},{"start":{"line":3,"column":876},"end":{"line":3,"column":896}}],"line":3},"13":{"loc":{"start":{"line":3,"column":991},"end":{"line":3,"column":1109}},"type":"if","locations":[{"start":{"line":3,"column":991},"end":{"line":3,"column":1109}},{"start":{"line":3,"column":991},"end":{"line":3,"column":1109}}],"line":3},"14":{"loc":{"start":{"line":3,"column":1007},"end":{"line":3,"column":1108}},"type":"cond-expr","locations":[{"start":{"line":3,"column":1031},"end":{"line":3,"column":1074}},{"start":{"line":3,"column":1077},"end":{"line":3,"column":1108}}],"line":3},"15":{"loc":{"start":{"line":6,"column":157},"end":{"line":6,"column":210}},"type":"binary-expr","locations":[{"start":{"line":6,"column":157},"end":{"line":6,"column":175}},{"start":{"line":6,"column":179},"end":{"line":6,"column":210}}],"line":6},"16":{"loc":{"start":{"line":15,"column":3},"end":{"line":21,"column":4}},"type":"if","locations":[{"start":{"line":15,"column":3},"end":{"line":21,"column":4}},{"start":{"line":15,"column":3},"end":{"line":21,"column":4}}],"line":15},"17":{"loc":{"start":{"line":44,"column":3},"end":{"line":130,"column":4}},"type":"if","locations":[{"start":{"line":44,"column":3},"end":{"line":130,"column":4}},{"start":{"line":44,"column":3},"end":{"line":130,"column":4}}],"line":44},"18":{"loc":{"start":{"line":48,"column":10},"end":{"line":130,"column":4}},"type":"if","locations":[{"start":{"line":48,"column":10},"end":{"line":130,"column":4}},{"start":{"line":48,"column":10},"end":{"line":130,"column":4}}],"line":48},"19":{"loc":{"start":{"line":58,"column":10},"end":{"line":130,"column":4}},"type":"if","locations":[{"start":{"line":58,"column":10},"end":{"line":130,"column":4}},{"start":{"line":58,"column":10},"end":{"line":130,"column":4}}],"line":58},"20":{"loc":{"start":{"line":70,"column":10},"end":{"line":130,"column":4}},"type":"if","locations":[{"start":{"line":70,"column":10},"end":{"line":130,"column":4}},{"start":{"line":70,"column":10},"end":{"line":130,"column":4}}],"line":70},"21":{"loc":{"start":{"line":83,"column":10},"end":{"line":130,"column":4}},"type":"if","locations":[{"start":{"line":83,"column":10},"end":{"line":130,"column":4}},{"start":{"line":83,"column":10},"end":{"line":130,"column":4}}],"line":83},"22":{"loc":{"start":{"line":95,"column":10},"end":{"line":130,"column":4}},"type":"if","locations":[{"start":{"line":95,"column":10},"end":{"line":130,"column":4}},{"start":{"line":95,"column":10},"end":{"line":130,"column":4}}],"line":95},"23":{"loc":{"start":{"line":106,"column":10},"end":{"line":130,"column":4}},"type":"if","locations":[{"start":{"line":106,"column":10},"end":{"line":130,"column":4}},{"start":{"line":106,"column":10},"end":{"line":130,"column":4}}],"line":106}},"s":{"0":3,"1":3,"2":3,"3":15,"4":15,"5":15,"6":15,"7":15,"8":15,"9":3,"10":3,"11":3,"12":3,"13":0,"14":3,"15":9,"16":1,"17":0,"18":1,"19":0,"20":1,"21":3,"22":0,"23":3,"24":3,"25":3,"26":3,"27":3,"28":1,"29":3,"30":4,"31":1,"32":3,"33":1,"34":1,"35":1,"36":0,"37":1,"38":0,"39":1,"40":1,"41":0,"42":0,"43":0,"44":0,"45":0,"46":0,"47":0,"48":0,"49":0,"50":1,"51":3,"52":3,"53":3},"f":{"0":3,"1":3,"2":3,"3":9,"4":1,"5":1,"6":3,"7":3,"8":1,"9":4,"10":1,"11":1,"12":1,"13":1},"b":{"0":[15,15],"1":[15,0],"2":[3,0],"3":[0,3],"4":[0,9],"5":[9,9],"6":[0,1],"7":[0,1],"8":[0,1],"9":[1,0,0],"10":[0,3],"11":[3,0],"12":[3,3],"13":[3,0],"14":[3,0],"15":[1,0],"16":[1,3],"17":[0,1],"18":[0,1],"19":[1,0],"20":[0,0],"21":[0,0],"22":[0,0],"23":[0,0]},"_coverageSchema":"332fd63041d2c1bcb487cc26dd0d5f7d97098a6c","hash":"aee07616e98a328914be1dd6e17b913acfeeb446"}
,"/Users/dianey/myProjects/AirCnB/reviews-module/client/src/components/ReviewList.jsx": {"path":"/Users/dianey/myProjects/AirCnB/reviews-module/client/src/components/ReviewList.jsx","statementMap":{"0":{"start":{"line":1,"column":39},"end":{"line":1,"column":101}},"1":{"start":{"line":1,"column":120},"end":{"line":1,"column":649}},"2":{"start":{"line":1,"column":175},"end":{"line":1,"column":440}},"3":{"start":{"line":1,"column":232},"end":{"line":1,"column":240}},"4":{"start":{"line":1,"column":241},"end":{"line":1,"column":296}},"5":{"start":{"line":1,"column":296},"end":{"line":1,"column":327}},"6":{"start":{"line":1,"column":327},"end":{"line":1,"column":381}},"7":{"start":{"line":1,"column":354},"end":{"line":1,"column":381}},"8":{"start":{"line":1,"column":381},"end":{"line":1,"column":439}},"9":{"start":{"line":1,"column":441},"end":{"line":1,"column":646}},"10":{"start":{"line":1,"column":497},"end":{"line":1,"column":565}},"11":{"start":{"line":1,"column":513},"end":{"line":1,"column":565}},"12":{"start":{"line":1,"column":565},"end":{"line":1,"column":625}},"13":{"start":{"line":1,"column":582},"end":{"line":1,"column":625}},"14":{"start":{"line":1,"column":625},"end":{"line":1,"column":644}},"15":{"start":{"line":4,"column":183},"end":{"line":4,"column":237}},"16":{"start":{"line":4,"column":287},"end":{"line":4,"column":386}},"17":{"start":{"line":4,"column":328},"end":{"line":4,"column":385}},"18":{"start":{"line":4,"column":436},"end":{"line":4,"column":535}},"19":{"start":{"line":4,"column":448},"end":{"line":4,"column":534}},"20":{"start":{"line":4,"column":535},"end":{"line":4,"column":621}},"21":{"start":{"line":4,"column":664},"end":{"line":4,"column":827}},"22":{"start":{"line":4,"column":726},"end":{"line":4,"column":826}},"23":{"start":{"line":4,"column":827},"end":{"line":4,"column":991}},"24":{"start":{"line":4,"column":991},"end":{"line":4,"column":1109}},"25":{"start":{"line":4,"column":1007},"end":{"line":4,"column":1109}},"26":{"start":{"line":6,"column":13},"end":{"line":105,"column":108}},"27":{"start":{"line":6,"column":42},"end":{"line":6,"column":82}},"28":{"start":{"line":7,"column":127},"end":{"line":8,"column":9}},"29":{"start":{"line":18,"column":2},"end":{"line":105,"column":8}},"30":{"start":{"line":21,"column":3},"end":{"line":26,"column":312}},"31":{"start":{"line":34,"column":26},"end":{"line":34,"column":59}},"32":{"start":{"line":35,"column":3},"end":{"line":54,"column":36}},"33":{"start":{"line":38,"column":6},"end":{"line":49,"column":304}},"34":{"start":{"line":60,"column":17},"end":{"line":60,"column":35}},"35":{"start":{"line":61,"column":26},"end":{"line":61,"column":28}},"36":{"start":{"line":62,"column":20},"end":{"line":62,"column":37}},"37":{"start":{"line":63,"column":18},"end":{"line":63,"column":33}},"38":{"start":{"line":64,"column":3},"end":{"line":68,"column":4}},"39":{"start":{"line":65,"column":4},"end":{"line":67,"column":5}},"40":{"start":{"line":66,"column":5},"end":{"line":66,"column":44}},"41":{"start":{"line":69,"column":3},"end":{"line":69,"column":27}},"42":{"start":{"line":73,"column":3},"end":{"line":79,"column":43}},"43":{"start":{"line":85,"column":3},"end":{"line":104,"column":4}},"44":{"start":{"line":86,"column":4},"end":{"line":88,"column":47}},"45":{"start":{"line":91,"column":10},"end":{"line":104,"column":4}},"46":{"start":{"line":92,"column":4},"end":{"line":94,"column":40}},"47":{"start":{"line":98,"column":4},"end":{"line":101,"column":53}},"48":{"start":{"line":105,"column":8},"end":{"line":105,"column":26}},"49":{"start":{"line":108,"column":0},"end":{"line":141,"column":25}},"50":{"start":{"line":145,"column":0},"end":{"line":155,"column":98}}},"fnMap":{"0":{"name":"(anonymous_0)","decl":{"start":{"line":1,"column":120},"end":{"line":1,"column":121}},"loc":{"start":{"line":1,"column":132},"end":{"line":1,"column":647}},"line":1},"1":{"name":"defineProperties","decl":{"start":{"line":1,"column":142},"end":{"line":1,"column":158}},"loc":{"start":{"line":1,"column":174},"end":{"line":1,"column":441}},"line":1},"2":{"name":"(anonymous_2)","decl":{"start":{"line":1,"column":448},"end":{"line":1,"column":449}},"loc":{"start":{"line":1,"column":496},"end":{"line":1,"column":645}},"line":1},"3":{"name":"_interopRequireDefault","decl":{"start":{"line":4,"column":154},"end":{"line":4,"column":176}},"loc":{"start":{"line":4,"column":182},"end":{"line":4,"column":238}},"line":4},"4":{"name":"_classCallCheck","decl":{"start":{"line":4,"column":247},"end":{"line":4,"column":262}},"loc":{"start":{"line":4,"column":286},"end":{"line":4,"column":387}},"line":4},"5":{"name":"_possibleConstructorReturn","decl":{"start":{"line":4,"column":396},"end":{"line":4,"column":422}},"loc":{"start":{"line":4,"column":435},"end":{"line":4,"column":622}},"line":4},"6":{"name":"_inherits","decl":{"start":{"line":4,"column":631},"end":{"line":4,"column":640}},"loc":{"start":{"line":4,"column":663},"end":{"line":4,"column":1110}},"line":4},"7":{"name":"(anonymous_7)","decl":{"start":{"line":6,"column":13},"end":{"line":6,"column":14}},"loc":{"start":{"line":6,"column":41},"end":{"line":105,"column":27}},"line":6},"8":{"name":"ReviewList","decl":{"start":{"line":7,"column":36},"end":{"line":7,"column":46}},"loc":{"start":{"line":7,"column":54},"end":{"line":18,"column":2}},"line":7},"9":{"name":"renderSearchHeader","decl":{"start":{"line":18,"column":73},"end":{"line":18,"column":91}},"loc":{"start":{"line":20,"column":19},"end":{"line":31,"column":3}},"line":20},"10":{"name":"renderReviews","decl":{"start":{"line":31,"column":47},"end":{"line":31,"column":60}},"loc":{"start":{"line":33,"column":11},"end":{"line":57,"column":3}},"line":33},"11":{"name":"(anonymous_11)","decl":{"start":{"line":37,"column":26},"end":{"line":37,"column":27}},"loc":{"start":{"line":37,"column":51},"end":{"line":53,"column":6}},"line":37},"12":{"name":"getReviewsToDisplay","decl":{"start":{"line":57,"column":53},"end":{"line":57,"column":72}},"loc":{"start":{"line":59,"column":16},"end":{"line":70,"column":3}},"line":59},"13":{"name":"renderPageTabs","decl":{"start":{"line":70,"column":48},"end":{"line":70,"column":62}},"loc":{"start":{"line":72,"column":16},"end":{"line":82,"column":3}},"line":72},"14":{"name":"render","decl":{"start":{"line":82,"column":40},"end":{"line":82,"column":46}},"loc":{"start":{"line":84,"column":2},"end":{"line":105,"column":3}},"line":84}},"branchMap":{"0":{"loc":{"start":{"line":1,"column":265},"end":{"line":1,"column":295}},"type":"binary-expr","locations":[{"start":{"line":1,"column":265},"end":{"line":1,"column":286}},{"start":{"line":1,"column":290},"end":{"line":1,"column":295}}],"line":1},"1":{"loc":{"start":{"line":1,"column":327},"end":{"line":1,"column":381}},"type":"if","locations":[{"start":{"line":1,"column":327},"end":{"line":1,"column":381}},{"start":{"line":1,"column":327},"end":{"line":1,"column":381}}],"line":1},"2":{"loc":{"start":{"line":1,"column":497},"end":{"line":1,"column":565}},"type":"if","locations":[{"start":{"line":1,"column":497},"end":{"line":1,"column":565}},{"start":{"line":1,"column":497},"end":{"line":1,"column":565}}],"line":1},"3":{"loc":{"start":{"line":1,"column":565},"end":{"line":1,"column":625}},"type":"if","locations":[{"start":{"line":1,"column":565},"end":{"line":1,"column":625}},{"start":{"line":1,"column":565},"end":{"line":1,"column":625}}],"line":1},"4":{"loc":{"start":{"line":4,"column":190},"end":{"line":4,"column":236}},"type":"cond-expr","locations":[{"start":{"line":4,"column":214},"end":{"line":4,"column":217}},{"start":{"line":4,"column":220},"end":{"line":4,"column":236}}],"line":4},"5":{"loc":{"start":{"line":4,"column":190},"end":{"line":4,"column":211}},"type":"binary-expr","locations":[{"start":{"line":4,"column":190},"end":{"line":4,"column":193}},{"start":{"line":4,"column":197},"end":{"line":4,"column":211}}],"line":4},"6":{"loc":{"start":{"line":4,"column":287},"end":{"line":4,"column":386}},"type":"if","locations":[{"start":{"line":4,"column":287},"end":{"line":4,"column":386}},{"start":{"line":4,"column":287},"end":{"line":4,"column":386}}],"line":4},"7":{"loc":{"start":{"line":4,"column":436},"end":{"line":4,"column":535}},"type":"if","locations":[{"start":{"line":4,"column":436},"end":{"line":4,"column":535}},{"start":{"line":4,"column":436},"end":{"line":4,"column":535}}],"line":4},"8":{"loc":{"start":{"line":4,"column":542},"end":{"line":4,"column":620}},"type":"cond-expr","locations":[{"start":{"line":4,"column":609},"end":{"line":4,"column":613}},{"start":{"line":4,"column":616},"end":{"line":4,"column":620}}],"line":4},"9":{"loc":{"start":{"line":4,"column":542},"end":{"line":4,"column":606}},"type":"binary-expr","locations":[{"start":{"line":4,"column":542},"end":{"line":4,"column":546}},{"start":{"line":4,"column":551},"end":{"line":4,"column":575}},{"start":{"line":4,"column":579},"end":{"line":4,"column":605}}],"line":4},"10":{"loc":{"start":{"line":4,"column":664},"end":{"line":4,"column":827}},"type":"if","locations":[{"start":{"line":4,"column":664},"end":{"line":4,"column":827}},{"start":{"line":4,"column":664},"end":{"line":4,"column":827}}],"line":4},"11":{"loc":{"start":{"line":4,"column":668},"end":{"line":4,"column":723}},"type":"binary-expr","locations":[{"start":{"line":4,"column":668},"end":{"line":4,"column":700}},{"start":{"line":4,"column":704},"end":{"line":4,"column":723}}],"line":4},"12":{"loc":{"start":{"line":4,"column":862},"end":{"line":4,"column":896}},"type":"binary-expr","locations":[{"start":{"line":4,"column":862},"end":{"line":4,"column":872}},{"start":{"line":4,"column":876},"end":{"line":4,"column":896}}],"line":4},"13":{"loc":{"start":{"line":4,"column":991},"end":{"line":4,"column":1109}},"type":"if","locations":[{"start":{"line":4,"column":991},"end":{"line":4,"column":1109}},{"start":{"line":4,"column":991},"end":{"line":4,"column":1109}}],"line":4},"14":{"loc":{"start":{"line":4,"column":1007},"end":{"line":4,"column":1108}},"type":"cond-expr","locations":[{"start":{"line":4,"column":1031},"end":{"line":4,"column":1074}},{"start":{"line":4,"column":1077},"end":{"line":4,"column":1108}}],"line":4},"15":{"loc":{"start":{"line":7,"column":161},"end":{"line":7,"column":218}},"type":"binary-expr","locations":[{"start":{"line":7,"column":161},"end":{"line":7,"column":181}},{"start":{"line":7,"column":185},"end":{"line":7,"column":218}}],"line":7},"16":{"loc":{"start":{"line":65,"column":4},"end":{"line":67,"column":5}},"type":"if","locations":[{"start":{"line":65,"column":4},"end":{"line":67,"column":5}},{"start":{"line":65,"column":4},"end":{"line":67,"column":5}}],"line":65},"17":{"loc":{"start":{"line":85,"column":3},"end":{"line":104,"column":4}},"type":"if","locations":[{"start":{"line":85,"column":3},"end":{"line":104,"column":4}},{"start":{"line":85,"column":3},"end":{"line":104,"column":4}}],"line":85},"18":{"loc":{"start":{"line":91,"column":10},"end":{"line":104,"column":4}},"type":"if","locations":[{"start":{"line":91,"column":10},"end":{"line":104,"column":4}},{"start":{"line":91,"column":10},"end":{"line":104,"column":4}}],"line":91}},"s":{"0":2,"1":2,"2":2,"3":10,"4":10,"5":10,"6":10,"7":10,"8":10,"9":2,"10":2,"11":2,"12":2,"13":0,"14":2,"15":8,"16":1,"17":0,"18":1,"19":0,"20":1,"21":2,"22":0,"23":2,"24":2,"25":2,"26":2,"27":2,"28":1,"29":2,"30":1,"31":1,"32":1,"33":0,"34":1,"35":1,"36":1,"37":1,"38":1,"39":7,"40":0,"41":1,"42":1,"43":1,"44":0,"45":1,"46":0,"47":1,"48":2,"49":2,"50":2},"f":{"0":2,"1":2,"2":2,"3":8,"4":1,"5":1,"6":2,"7":2,"8":1,"9":1,"10":1,"11":0,"12":1,"13":1,"14":1},"b":{"0":[10,10],"1":[10,0],"2":[2,0],"3":[0,2],"4":[2,6],"5":[8,8],"6":[0,1],"7":[0,1],"8":[0,1],"9":[1,0,0],"10":[0,2],"11":[2,0],"12":[2,2],"13":[2,0],"14":[2,0],"15":[1,0],"16":[0,7],"17":[0,1],"18":[0,1]},"_coverageSchema":"332fd63041d2c1bcb487cc26dd0d5f7d97098a6c","hash":"2945ffa8cbfc69ab02b7b22b2b2a974640f3831b"}
,"/Users/dianey/myProjects/AirCnB/reviews-module/client/src/components/ReviewStats.jsx": {"path":"/Users/dianey/myProjects/AirCnB/reviews-module/client/src/components/ReviewStats.jsx","statementMap":{"0":{"start":{"line":1,"column":39},"end":{"line":1,"column":101}},"1":{"start":{"line":4,"column":183},"end":{"line":4,"column":237}},"2":{"start":{"line":6,"column":18},"end":{"line":39,"column":1}},"3":{"start":{"line":7,"column":1},"end":{"line":34,"column":438}},"4":{"start":{"line":41,"column":0},"end":{"line":46,"column":12}},"5":{"start":{"line":49,"column":0},"end":{"line":54,"column":90}}},"fnMap":{"0":{"name":"_interopRequireDefault","decl":{"start":{"line":4,"column":154},"end":{"line":4,"column":176}},"loc":{"start":{"line":4,"column":182},"end":{"line":4,"column":238}},"line":4},"1":{"name":"ReviewStats","decl":{"start":{"line":6,"column":27},"end":{"line":6,"column":38}},"loc":{"start":{"line":6,"column":46},"end":{"line":39,"column":1}},"line":6}},"branchMap":{"0":{"loc":{"start":{"line":4,"column":190},"end":{"line":4,"column":236}},"type":"cond-expr","locations":[{"start":{"line":4,"column":214},"end":{"line":4,"column":217}},{"start":{"line":4,"column":220},"end":{"line":4,"column":236}}],"line":4},"1":{"loc":{"start":{"line":4,"column":190},"end":{"line":4,"column":211}},"type":"binary-expr","locations":[{"start":{"line":4,"column":190},"end":{"line":4,"column":193}},{"start":{"line":4,"column":197},"end":{"line":4,"column":211}}],"line":4}},"s":{"0":2,"1":8,"2":2,"3":1,"4":2,"5":2},"f":{"0":8,"1":1},"b":{"0":[2,6],"1":[8,8]},"_coverageSchema":"332fd63041d2c1bcb487cc26dd0d5f7d97098a6c","hash":"ed5f1345ebc81fa9ce68e51bd6521ff6337f2ff9"}
,"/Users/dianey/myProjects/AirCnB/reviews-module/client/src/components/Search.jsx": {"path":"/Users/dianey/myProjects/AirCnB/reviews-module/client/src/components/Search.jsx","statementMap":{"0":{"start":{"line":1,"column":39},"end":{"line":1,"column":101}},"1":{"start":{"line":3,"column":183},"end":{"line":3,"column":237}},"2":{"start":{"line":5,"column":13},"end":{"line":17,"column":12}},"3":{"start":{"line":22,"column":0},"end":{"line":24,"column":95}}},"fnMap":{"0":{"name":"_interopRequireDefault","decl":{"start":{"line":3,"column":154},"end":{"line":3,"column":176}},"loc":{"start":{"line":3,"column":182},"end":{"line":3,"column":238}},"line":3},"1":{"name":"Search","decl":{"start":{"line":5,"column":22},"end":{"line":5,"column":28}},"loc":{"start":{"line":5,"column":62},"end":{"line":17,"column":12}},"line":5}},"branchMap":{"0":{"loc":{"start":{"line":3,"column":190},"end":{"line":3,"column":236}},"type":"cond-expr","locations":[{"start":{"line":3,"column":214},"end":{"line":3,"column":217}},{"start":{"line":3,"column":220},"end":{"line":3,"column":236}}],"line":3},"1":{"loc":{"start":{"line":3,"column":190},"end":{"line":3,"column":211}},"type":"binary-expr","locations":[{"start":{"line":3,"column":190},"end":{"line":3,"column":193}},{"start":{"line":3,"column":197},"end":{"line":3,"column":211}}],"line":3}},"s":{"0":3,"1":9,"2":3,"3":3},"f":{"0":9,"1":1},"b":{"0":[0,9],"1":[9,9]},"_coverageSchema":"332fd63041d2c1bcb487cc26dd0d5f7d97098a6c","hash":"88297835b27c1534c6ca763071df08c31d9d4f2d"}
,"/Users/dianey/myProjects/AirCnB/reviews-module/client/src/components/Stars.jsx": {"path":"/Users/dianey/myProjects/AirCnB/reviews-module/client/src/components/Stars.jsx","statementMap":{"0":{"start":{"line":1,"column":39},"end":{"line":1,"column":101}},"1":{"start":{"line":1,"column":120},"end":{"line":1,"column":649}},"2":{"start":{"line":1,"column":175},"end":{"line":1,"column":440}},"3":{"start":{"line":1,"column":232},"end":{"line":1,"column":240}},"4":{"start":{"line":1,"column":241},"end":{"line":1,"column":296}},"5":{"start":{"line":1,"column":296},"end":{"line":1,"column":327}},"6":{"start":{"line":1,"column":327},"end":{"line":1,"column":381}},"7":{"start":{"line":1,"column":354},"end":{"line":1,"column":381}},"8":{"start":{"line":1,"column":381},"end":{"line":1,"column":439}},"9":{"start":{"line":1,"column":441},"end":{"line":1,"column":646}},"10":{"start":{"line":1,"column":497},"end":{"line":1,"column":565}},"11":{"start":{"line":1,"column":513},"end":{"line":1,"column":565}},"12":{"start":{"line":1,"column":565},"end":{"line":1,"column":625}},"13":{"start":{"line":1,"column":582},"end":{"line":1,"column":625}},"14":{"start":{"line":1,"column":625},"end":{"line":1,"column":644}},"15":{"start":{"line":3,"column":183},"end":{"line":3,"column":237}},"16":{"start":{"line":3,"column":287},"end":{"line":3,"column":386}},"17":{"start":{"line":3,"column":328},"end":{"line":3,"column":385}},"18":{"start":{"line":3,"column":436},"end":{"line":3,"column":535}},"19":{"start":{"line":3,"column":448},"end":{"line":3,"column":534}},"20":{"start":{"line":3,"column":535},"end":{"line":3,"column":621}},"21":{"start":{"line":3,"column":664},"end":{"line":3,"column":827}},"22":{"start":{"line":3,"column":726},"end":{"line":3,"column":826}},"23":{"start":{"line":3,"column":827},"end":{"line":3,"column":991}},"24":{"start":{"line":3,"column":991},"end":{"line":3,"column":1109}},"25":{"start":{"line":3,"column":1007},"end":{"line":3,"column":1109}},"26":{"start":{"line":5,"column":8},"end":{"line":35,"column":105}},"27":{"start":{"line":5,"column":37},"end":{"line":5,"column":72}},"28":{"start":{"line":6,"column":106},"end":{"line":7,"column":12}},"29":{"start":{"line":8,"column":3},"end":{"line":35,"column":10}},"30":{"start":{"line":11,"column":23},"end":{"line":11,"column":25}},"31":{"start":{"line":12,"column":18},"end":{"line":12,"column":46}},"32":{"start":{"line":13,"column":18},"end":{"line":13,"column":27}},"33":{"start":{"line":14,"column":6},"end":{"line":16,"column":7}},"34":{"start":{"line":15,"column":8},"end":{"line":15,"column":41}},"35":{"start":{"line":17,"column":6},"end":{"line":19,"column":7}},"36":{"start":{"line":18,"column":8},"end":{"line":18,"column":41}},"37":{"start":{"line":20,"column":6},"end":{"line":22,"column":7}},"38":{"start":{"line":21,"column":8},"end":{"line":21,"column":42}},"39":{"start":{"line":23,"column":6},"end":{"line":23,"column":24}},"40":{"start":{"line":26,"column":6},"end":{"line":30,"column":275}},"41":{"start":{"line":35,"column":10},"end":{"line":35,"column":23}},"42":{"start":{"line":38,"column":0},"end":{"line":39,"column":14}},"43":{"start":{"line":42,"column":0},"end":{"line":43,"column":97}}},"fnMap":{"0":{"name":"(anonymous_0)","decl":{"start":{"line":1,"column":120},"end":{"line":1,"column":121}},"loc":{"start":{"line":1,"column":132},"end":{"line":1,"column":647}},"line":1},"1":{"name":"defineProperties","decl":{"start":{"line":1,"column":142},"end":{"line":1,"column":158}},"loc":{"start":{"line":1,"column":174},"end":{"line":1,"column":441}},"line":1},"2":{"name":"(anonymous_2)","decl":{"start":{"line":1,"column":448},"end":{"line":1,"column":449}},"loc":{"start":{"line":1,"column":496},"end":{"line":1,"column":645}},"line":1},"3":{"name":"_interopRequireDefault","decl":{"start":{"line":3,"column":154},"end":{"line":3,"column":176}},"loc":{"start":{"line":3,"column":182},"end":{"line":3,"column":238}},"line":3},"4":{"name":"_classCallCheck","decl":{"start":{"line":3,"column":247},"end":{"line":3,"column":262}},"loc":{"start":{"line":3,"column":286},"end":{"line":3,"column":387}},"line":3},"5":{"name":"_possibleConstructorReturn","decl":{"start":{"line":3,"column":396},"end":{"line":3,"column":422}},"loc":{"start":{"line":3,"column":435},"end":{"line":3,"column":622}},"line":3},"6":{"name":"_inherits","decl":{"start":{"line":3,"column":631},"end":{"line":3,"column":640}},"loc":{"start":{"line":3,"column":663},"end":{"line":3,"column":1110}},"line":3},"7":{"name":"(anonymous_7)","decl":{"start":{"line":5,"column":8},"end":{"line":5,"column":9}},"loc":{"start":{"line":5,"column":36},"end":{"line":35,"column":24}},"line":5},"8":{"name":"Stars","decl":{"start":{"line":6,"column":37},"end":{"line":6,"column":42}},"loc":{"start":{"line":6,"column":50},"end":{"line":8,"column":3}},"line":6},"9":{"name":"createStars","decl":{"start":{"line":8,"column":62},"end":{"line":8,"column":73}},"loc":{"start":{"line":10,"column":12},"end":{"line":24,"column":5}},"line":10},"10":{"name":"render","decl":{"start":{"line":24,"column":42},"end":{"line":24,"column":48}},"loc":{"start":{"line":25,"column":4},"end":{"line":35,"column":5}},"line":25},"11":{"name":"(anonymous_11)","decl":{"start":{"line":29,"column":50},"end":{"line":29,"column":51}},"loc":{"start":{"line":29,"column":99},"end":{"line":30,"column":271}},"line":29}},"branchMap":{"0":{"loc":{"start":{"line":1,"column":265},"end":{"line":1,"column":295}},"type":"binary-expr","locations":[{"start":{"line":1,"column":265},"end":{"line":1,"column":286}},{"start":{"line":1,"column":290},"end":{"line":1,"column":295}}],"line":1},"1":{"loc":{"start":{"line":1,"column":327},"end":{"line":1,"column":381}},"type":"if","locations":[{"start":{"line":1,"column":327},"end":{"line":1,"column":381}},{"start":{"line":1,"column":327},"end":{"line":1,"column":381}}],"line":1},"2":{"loc":{"start":{"line":1,"column":497},"end":{"line":1,"column":565}},"type":"if","locations":[{"start":{"line":1,"column":497},"end":{"line":1,"column":565}},{"start":{"line":1,"column":497},"end":{"line":1,"column":565}}],"line":1},"3":{"loc":{"start":{"line":1,"column":565},"end":{"line":1,"column":625}},"type":"if","locations":[{"start":{"line":1,"column":565},"end":{"line":1,"column":625}},{"start":{"line":1,"column":565},"end":{"line":1,"column":625}}],"line":1},"4":{"loc":{"start":{"line":3,"column":190},"end":{"line":3,"column":236}},"type":"cond-expr","locations":[{"start":{"line":3,"column":214},"end":{"line":3,"column":217}},{"start":{"line":3,"column":220},"end":{"line":3,"column":236}}],"line":3},"5":{"loc":{"start":{"line":3,"column":190},"end":{"line":3,"column":211}},"type":"binary-expr","locations":[{"start":{"line":3,"column":190},"end":{"line":3,"column":193}},{"start":{"line":3,"column":197},"end":{"line":3,"column":211}}],"line":3},"6":{"loc":{"start":{"line":3,"column":287},"end":{"line":3,"column":386}},"type":"if","locations":[{"start":{"line":3,"column":287},"end":{"line":3,"column":386}},{"start":{"line":3,"column":287},"end":{"line":3,"column":386}}],"line":3},"7":{"loc":{"start":{"line":3,"column":436},"end":{"line":3,"column":535}},"type":"if","locations":[{"start":{"line":3,"column":436},"end":{"line":3,"column":535}},{"start":{"line":3,"column":436},"end":{"line":3,"column":535}}],"line":3},"8":{"loc":{"start":{"line":3,"column":542},"end":{"line":3,"column":620}},"type":"cond-expr","locations":[{"start":{"line":3,"column":609},"end":{"line":3,"column":613}},{"start":{"line":3,"column":616},"end":{"line":3,"column":620}}],"line":3},"9":{"loc":{"start":{"line":3,"column":542},"end":{"line":3,"column":606}},"type":"binary-expr","locations":[{"start":{"line":3,"column":542},"end":{"line":3,"column":546}},{"start":{"line":3,"column":551},"end":{"line":3,"column":575}},{"start":{"line":3,"column":579},"end":{"line":3,"column":605}}],"line":3},"10":{"loc":{"start":{"line":3,"column":664},"end":{"line":3,"column":827}},"type":"if","locations":[{"start":{"line":3,"column":664},"end":{"line":3,"column":827}},{"start":{"line":3,"column":664},"end":{"line":3,"column":827}}],"line":3},"11":{"loc":{"start":{"line":3,"column":668},"end":{"line":3,"column":723}},"type":"binary-expr","locations":[{"start":{"line":3,"column":668},"end":{"line":3,"column":700}},{"start":{"line":3,"column":704},"end":{"line":3,"column":723}}],"line":3},"12":{"loc":{"start":{"line":3,"column":862},"end":{"line":3,"column":896}},"type":"binary-expr","locations":[{"start":{"line":3,"column":862},"end":{"line":3,"column":872}},{"start":{"line":3,"column":876},"end":{"line":3,"column":896}}],"line":3},"13":{"loc":{"start":{"line":3,"column":991},"end":{"line":3,"column":1109}},"type":"if","locations":[{"start":{"line":3,"column":991},"end":{"line":3,"column":1109}},{"start":{"line":3,"column":991},"end":{"line":3,"column":1109}}],"line":3},"14":{"loc":{"start":{"line":3,"column":1007},"end":{"line":3,"column":1108}},"type":"cond-expr","locations":[{"start":{"line":3,"column":1031},"end":{"line":3,"column":1074}},{"start":{"line":3,"column":1077},"end":{"line":3,"column":1108}}],"line":3},"15":{"loc":{"start":{"line":6,"column":147},"end":{"line":6,"column":194}},"type":"binary-expr","locations":[{"start":{"line":6,"column":147},"end":{"line":6,"column":162}},{"start":{"line":6,"column":166},"end":{"line":6,"column":194}}],"line":6},"16":{"loc":{"start":{"line":17,"column":6},"end":{"line":19,"column":7}},"type":"if","locations":[{"start":{"line":17,"column":6},"end":{"line":19,"column":7}},{"start":{"line":17,"column":6},"end":{"line":19,"column":7}}],"line":17}},"s":{"0":4,"1":4,"2":4,"3":8,"4":8,"5":8,"6":8,"7":8,"8":8,"9":4,"10":4,"11":4,"12":4,"13":0,"14":4,"15":12,"16":1,"17":0,"18":1,"19":0,"20":1,"21":4,"22":0,"23":4,"24":4,"25":4,"26":4,"27":4,"28":1,"29":4,"30":1,"31":1,"32":1,"33":1,"34":4,"35":1,"36":1,"37":1,"38":0,"39":1,"40":1,"41":4,"42":4,"43":4},"f":{"0":4,"1":4,"2":4,"3":12,"4":1,"5":1,"6":4,"7":4,"8":1,"9":1,"10":1,"11":5},"b":{"0":[8,8],"1":[8,0],"2":[4,0],"3":[0,4],"4":[0,12],"5":[12,12],"6":[0,1],"7":[0,1],"8":[0,1],"9":[1,0,0],"10":[0,4],"11":[4,0],"12":[4,4],"13":[4,0],"14":[4,0],"15":[1,0],"16":[1,0]},"_coverageSchema":"332fd63041d2c1bcb487cc26dd0d5f7d97098a6c","hash":"86fc7de24f3aee133c7770e0191b0c0db6458e4b"}
,"/Users/dianey/myProjects/AirCnB/reviews-module/client/src/components/header.jsx": {"path":"/Users/dianey/myProjects/AirCnB/reviews-module/client/src/components/header.jsx","statementMap":{"0":{"start":{"line":1,"column":39},"end":{"line":1,"column":101}},"1":{"start":{"line":5,"column":183},"end":{"line":5,"column":237}},"2":{"start":{"line":7,"column":13},"end":{"line":30,"column":1}},"3":{"start":{"line":8,"column":1},"end":{"line":24,"column":46}},"4":{"start":{"line":32,"column":0},"end":{"line":34,"column":20}},"5":{"start":{"line":37,"column":0},"end":{"line":41,"column":96}}},"fnMap":{"0":{"name":"_interopRequireDefault","decl":{"start":{"line":5,"column":154},"end":{"line":5,"column":176}},"loc":{"start":{"line":5,"column":182},"end":{"line":5,"column":238}},"line":5},"1":{"name":"Header","decl":{"start":{"line":7,"column":22},"end":{"line":7,"column":28}},"loc":{"start":{"line":7,"column":36},"end":{"line":30,"column":1}},"line":7}},"branchMap":{"0":{"loc":{"start":{"line":5,"column":190},"end":{"line":5,"column":236}},"type":"cond-expr","locations":[{"start":{"line":5,"column":214},"end":{"line":5,"column":217}},{"start":{"line":5,"column":220},"end":{"line":5,"column":236}}],"line":5},"1":{"loc":{"start":{"line":5,"column":190},"end":{"line":5,"column":211}},"type":"binary-expr","locations":[{"start":{"line":5,"column":190},"end":{"line":5,"column":193}},{"start":{"line":5,"column":197},"end":{"line":5,"column":211}}],"line":5}},"s":{"0":2,"1":10,"2":2,"3":1,"4":2,"5":2},"f":{"0":10,"1":1},"b":{"0":[4,6],"1":[10,10]},"_coverageSchema":"332fd63041d2c1bcb487cc26dd0d5f7d97098a6c","hash":"58d484500ef9f3702411abc921af6e423cb98e71"}
}
