{"/Users/dianey/myProjects/AirCnB/reviews-module/client/src/index.jsx": {"path":"/Users/dianey/myProjects/AirCnB/reviews-module/client/src/index.jsx","statementMap":{"0":{"start":{"line":3,"column":175},"end":{"line":3,"column":229}}},"fnMap":{"0":{"name":"_interopRequireDefault","decl":{"start":{"line":3,"column":146},"end":{"line":3,"column":168}},"loc":{"start":{"line":3,"column":174},"end":{"line":3,"column":230}},"line":3}},"branchMap":{"0":{"loc":{"start":{"line":3,"column":182},"end":{"line":3,"column":228}},"type":"cond-expr","locations":[{"start":{"line":3,"column":206},"end":{"line":3,"column":209}},{"start":{"line":3,"column":212},"end":{"line":3,"column":228}}],"line":3},"1":{"loc":{"start":{"line":3,"column":182},"end":{"line":3,"column":203}},"type":"binary-expr","locations":[{"start":{"line":3,"column":182},"end":{"line":3,"column":185}},{"start":{"line":3,"column":189},"end":{"line":3,"column":203}}],"line":3}},"s":{"0":0},"f":{"0":0},"b":{"0":[0,0],"1":[0,0]}}
,"/Users/dianey/myProjects/AirCnB/reviews-module/client/src/components/App.jsx": {"path":"/Users/dianey/myProjects/AirCnB/reviews-module/client/src/components/App.jsx","statementMap":{"0":{"start":{"line":1,"column":39},"end":{"line":1,"column":101}},"1":{"start":{"line":1,"column":120},"end":{"line":1,"column":649}},"2":{"start":{"line":1,"column":175},"end":{"line":1,"column":440}},"3":{"start":{"line":1,"column":232},"end":{"line":1,"column":240}},"4":{"start":{"line":1,"column":241},"end":{"line":1,"column":296}},"5":{"start":{"line":1,"column":296},"end":{"line":1,"column":327}},"6":{"start":{"line":1,"column":327},"end":{"line":1,"column":381}},"7":{"start":{"line":1,"column":354},"end":{"line":1,"column":381}},"8":{"start":{"line":1,"column":381},"end":{"line":1,"column":439}},"9":{"start":{"line":1,"column":441},"end":{"line":1,"column":646}},"10":{"start":{"line":1,"column":497},"end":{"line":1,"column":565}},"11":{"start":{"line":1,"column":513},"end":{"line":1,"column":565}},"12":{"start":{"line":1,"column":565},"end":{"line":1,"column":625}},"13":{"start":{"line":1,"column":582},"end":{"line":1,"column":625}},"14":{"start":{"line":1,"column":625},"end":{"line":1,"column":644}},"15":{"start":{"line":8,"column":168},"end":{"line":8,"column":222}},"16":{"start":{"line":8,"column":272},"end":{"line":8,"column":371}},"17":{"start":{"line":8,"column":313},"end":{"line":8,"column":370}},"18":{"start":{"line":8,"column":421},"end":{"line":8,"column":520}},"19":{"start":{"line":8,"column":433},"end":{"line":8,"column":519}},"20":{"start":{"line":8,"column":520},"end":{"line":8,"column":606}},"21":{"start":{"line":8,"column":649},"end":{"line":8,"column":812}},"22":{"start":{"line":8,"column":711},"end":{"line":8,"column":811}},"23":{"start":{"line":8,"column":812},"end":{"line":8,"column":976}},"24":{"start":{"line":8,"column":976},"end":{"line":8,"column":1094}},"25":{"start":{"line":8,"column":992},"end":{"line":8,"column":1094}},"26":{"start":{"line":10,"column":6},"end":{"line":210,"column":101}},"27":{"start":{"line":10,"column":35},"end":{"line":10,"column":68}},"28":{"start":{"line":11,"column":113},"end":{"line":12,"column":9}},"29":{"start":{"line":51,"column":2},"end":{"line":210,"column":8}},"30":{"start":{"line":54,"column":3},"end":{"line":55,"column":38}},"31":{"start":{"line":60,"column":20},"end":{"line":60,"column":41}},"32":{"start":{"line":61,"column":12},"end":{"line":61,"column":46}},"33":{"start":{"line":62,"column":3},"end":{"line":62,"column":45}},"34":{"start":{"line":77,"column":3},"end":{"line":77,"column":26}},"35":{"start":{"line":81,"column":3},"end":{"line":83,"column":25}},"36":{"start":{"line":88,"column":16},"end":{"line":88,"column":33}},"37":{"start":{"line":89,"column":15},"end":{"line":89,"column":32}},"38":{"start":{"line":90,"column":15},"end":{"line":90,"column":23}},"39":{"start":{"line":91,"column":15},"end":{"line":91,"column":33}},"40":{"start":{"line":92,"column":3},"end":{"line":101,"column":4}},"41":{"start":{"line":93,"column":4},"end":{"line":93,"column":18}},"42":{"start":{"line":94,"column":10},"end":{"line":101,"column":4}},"43":{"start":{"line":95,"column":17},"end":{"line":95,"column":29}},"44":{"start":{"line":96,"column":4},"end":{"line":96,"column":19}},"45":{"start":{"line":97,"column":10},"end":{"line":101,"column":4}},"46":{"start":{"line":98,"column":4},"end":{"line":98,"column":13}},"47":{"start":{"line":100,"column":4},"end":{"line":100,"column":22}},"48":{"start":{"line":105,"column":15},"end":{"line":105,"column":16}},"49":{"start":{"line":106,"column":15},"end":{"line":106,"column":16}},"50":{"start":{"line":107,"column":3},"end":{"line":112,"column":4}},"51":{"start":{"line":108,"column":4},"end":{"line":111,"column":5}},"52":{"start":{"line":109,"column":5},"end":{"line":109,"column":42}},"53":{"start":{"line":110,"column":5},"end":{"line":110,"column":16}},"54":{"start":{"line":113,"column":3},"end":{"line":113,"column":66}},"55":{"start":{"line":117,"column":15},"end":{"line":117,"column":16}},"56":{"start":{"line":118,"column":3},"end":{"line":120,"column":4}},"57":{"start":{"line":119,"column":4},"end":{"line":119,"column":38}},"58":{"start":{"line":121,"column":22},"end":{"line":121,"column":68}},"59":{"start":{"line":122,"column":23},"end":{"line":122,"column":53}},"60":{"start":{"line":123,"column":3},"end":{"line":123,"column":24}},"61":{"start":{"line":127,"column":14},"end":{"line":127,"column":18}},"62":{"start":{"line":128,"column":12},"end":{"line":128,"column":46}},"63":{"start":{"line":129,"column":3},"end":{"line":129,"column":45}},"64":{"start":{"line":157,"column":3},"end":{"line":158,"column":23}},"65":{"start":{"line":163,"column":3},"end":{"line":164,"column":24}},"66":{"start":{"line":169,"column":3},"end":{"line":205,"column":221}},"67":{"start":{"line":210,"column":8},"end":{"line":210,"column":19}}},"fnMap":{"0":{"name":"(anonymous_0)","decl":{"start":{"line":1,"column":120},"end":{"line":1,"column":121}},"loc":{"start":{"line":1,"column":132},"end":{"line":1,"column":647}},"line":1},"1":{"name":"defineProperties","decl":{"start":{"line":1,"column":142},"end":{"line":1,"column":158}},"loc":{"start":{"line":1,"column":174},"end":{"line":1,"column":441}},"line":1},"2":{"name":"(anonymous_2)","decl":{"start":{"line":1,"column":448},"end":{"line":1,"column":449}},"loc":{"start":{"line":1,"column":496},"end":{"line":1,"column":645}},"line":1},"3":{"name":"_interopRequireDefault","decl":{"start":{"line":8,"column":139},"end":{"line":8,"column":161}},"loc":{"start":{"line":8,"column":167},"end":{"line":8,"column":223}},"line":8},"4":{"name":"_classCallCheck","decl":{"start":{"line":8,"column":232},"end":{"line":8,"column":247}},"loc":{"start":{"line":8,"column":271},"end":{"line":8,"column":372}},"line":8},"5":{"name":"_possibleConstructorReturn","decl":{"start":{"line":8,"column":381},"end":{"line":8,"column":407}},"loc":{"start":{"line":8,"column":420},"end":{"line":8,"column":607}},"line":8},"6":{"name":"_inherits","decl":{"start":{"line":8,"column":616},"end":{"line":8,"column":625}},"loc":{"start":{"line":8,"column":648},"end":{"line":8,"column":1095}},"line":8},"7":{"name":"(anonymous_7)","decl":{"start":{"line":10,"column":6},"end":{"line":10,"column":7}},"loc":{"start":{"line":10,"column":34},"end":{"line":210,"column":20}},"line":10},"8":{"name":"App","decl":{"start":{"line":11,"column":36},"end":{"line":11,"column":39}},"loc":{"start":{"line":11,"column":47},"end":{"line":51,"column":2}},"line":11},"9":{"name":"handleChange","decl":{"start":{"line":51,"column":60},"end":{"line":51,"column":72}},"loc":{"start":{"line":53,"column":9},"end":{"line":57,"column":3}},"line":53},"10":{"name":"searchReviews","decl":{"start":{"line":57,"column":47},"end":{"line":57,"column":60}},"loc":{"start":{"line":59,"column":2},"end":{"line":78,"column":3}},"line":59},"11":{"name":"showAllReviews","decl":{"start":{"line":78,"column":48},"end":{"line":78,"column":62}},"loc":{"start":{"line":80,"column":2},"end":{"line":85,"column":3}},"line":80},"12":{"name":"roundRating","decl":{"start":{"line":85,"column":45},"end":{"line":85,"column":56}},"loc":{"start":{"line":87,"column":10},"end":{"line":102,"column":3}},"line":87},"13":{"name":"calculateAvgRating","decl":{"start":{"line":102,"column":52},"end":{"line":102,"column":70}},"loc":{"start":{"line":104,"column":11},"end":{"line":114,"column":3}},"line":104},"14":{"name":"calculateRating","decl":{"start":{"line":114,"column":49},"end":{"line":114,"column":64}},"loc":{"start":{"line":116,"column":18},"end":{"line":124,"column":3}},"line":116},"15":{"name":"componentDidMount","decl":{"start":{"line":124,"column":51},"end":{"line":124,"column":68}},"loc":{"start":{"line":126,"column":2},"end":{"line":154,"column":3}},"line":126},"16":{"name":"renderFlagPopUp","decl":{"start":{"line":154,"column":49},"end":{"line":154,"column":64}},"loc":{"start":{"line":156,"column":2},"end":{"line":160,"column":3}},"line":156},"17":{"name":"closeFlag","decl":{"start":{"line":160,"column":43},"end":{"line":160,"column":52}},"loc":{"start":{"line":162,"column":2},"end":{"line":166,"column":3}},"line":162},"18":{"name":"render","decl":{"start":{"line":166,"column":40},"end":{"line":166,"column":46}},"loc":{"start":{"line":168,"column":2},"end":{"line":210,"column":3}},"line":168}},"branchMap":{"0":{"loc":{"start":{"line":1,"column":265},"end":{"line":1,"column":295}},"type":"binary-expr","locations":[{"start":{"line":1,"column":265},"end":{"line":1,"column":286}},{"start":{"line":1,"column":290},"end":{"line":1,"column":295}}],"line":1},"1":{"loc":{"start":{"line":1,"column":327},"end":{"line":1,"column":381}},"type":"if","locations":[{"start":{"line":1,"column":327},"end":{"line":1,"column":381}},{"start":{"line":1,"column":327},"end":{"line":1,"column":381}}],"line":1},"2":{"loc":{"start":{"line":1,"column":497},"end":{"line":1,"column":565}},"type":"if","locations":[{"start":{"line":1,"column":497},"end":{"line":1,"column":565}},{"start":{"line":1,"column":497},"end":{"line":1,"column":565}}],"line":1},"3":{"loc":{"start":{"line":1,"column":565},"end":{"line":1,"column":625}},"type":"if","locations":[{"start":{"line":1,"column":565},"end":{"line":1,"column":625}},{"start":{"line":1,"column":565},"end":{"line":1,"column":625}}],"line":1},"4":{"loc":{"start":{"line":8,"column":175},"end":{"line":8,"column":221}},"type":"cond-expr","locations":[{"start":{"line":8,"column":199},"end":{"line":8,"column":202}},{"start":{"line":8,"column":205},"end":{"line":8,"column":221}}],"line":8},"5":{"loc":{"start":{"line":8,"column":175},"end":{"line":8,"column":196}},"type":"binary-expr","locations":[{"start":{"line":8,"column":175},"end":{"line":8,"column":178}},{"start":{"line":8,"column":182},"end":{"line":8,"column":196}}],"line":8},"6":{"loc":{"start":{"line":8,"column":272},"end":{"line":8,"column":371}},"type":"if","locations":[{"start":{"line":8,"column":272},"end":{"line":8,"column":371}},{"start":{"line":8,"column":272},"end":{"line":8,"column":371}}],"line":8},"7":{"loc":{"start":{"line":8,"column":421},"end":{"line":8,"column":520}},"type":"if","locations":[{"start":{"line":8,"column":421},"end":{"line":8,"column":520}},{"start":{"line":8,"column":421},"end":{"line":8,"column":520}}],"line":8},"8":{"loc":{"start":{"line":8,"column":527},"end":{"line":8,"column":605}},"type":"cond-expr","locations":[{"start":{"line":8,"column":594},"end":{"line":8,"column":598}},{"start":{"line":8,"column":601},"end":{"line":8,"column":605}}],"line":8},"9":{"loc":{"start":{"line":8,"column":527},"end":{"line":8,"column":591}},"type":"binary-expr","locations":[{"start":{"line":8,"column":527},"end":{"line":8,"column":531}},{"start":{"line":8,"column":536},"end":{"line":8,"column":560}},{"start":{"line":8,"column":564},"end":{"line":8,"column":590}}],"line":8},"10":{"loc":{"start":{"line":8,"column":649},"end":{"line":8,"column":812}},"type":"if","locations":[{"start":{"line":8,"column":649},"end":{"line":8,"column":812}},{"start":{"line":8,"column":649},"end":{"line":8,"column":812}}],"line":8},"11":{"loc":{"start":{"line":8,"column":653},"end":{"line":8,"column":708}},"type":"binary-expr","locations":[{"start":{"line":8,"column":653},"end":{"line":8,"column":685}},{"start":{"line":8,"column":689},"end":{"line":8,"column":708}}],"line":8},"12":{"loc":{"start":{"line":8,"column":847},"end":{"line":8,"column":881}},"type":"binary-expr","locations":[{"start":{"line":8,"column":847},"end":{"line":8,"column":857}},{"start":{"line":8,"column":861},"end":{"line":8,"column":881}}],"line":8},"13":{"loc":{"start":{"line":8,"column":976},"end":{"line":8,"column":1094}},"type":"if","locations":[{"start":{"line":8,"column":976},"end":{"line":8,"column":1094}},{"start":{"line":8,"column":976},"end":{"line":8,"column":1094}}],"line":8},"14":{"loc":{"start":{"line":8,"column":992},"end":{"line":8,"column":1093}},"type":"cond-expr","locations":[{"start":{"line":8,"column":1016},"end":{"line":8,"column":1059}},{"start":{"line":8,"column":1062},"end":{"line":8,"column":1093}}],"line":8},"15":{"loc":{"start":{"line":11,"column":147},"end":{"line":11,"column":190}},"type":"binary-expr","locations":[{"start":{"line":11,"column":147},"end":{"line":11,"column":160}},{"start":{"line":11,"column":164},"end":{"line":11,"column":190}}],"line":11},"16":{"loc":{"start":{"line":92,"column":3},"end":{"line":101,"column":4}},"type":"if","locations":[{"start":{"line":92,"column":3},"end":{"line":101,"column":4}},{"start":{"line":92,"column":3},"end":{"line":101,"column":4}}],"line":92},"17":{"loc":{"start":{"line":94,"column":10},"end":{"line":101,"column":4}},"type":"if","locations":[{"start":{"line":94,"column":10},"end":{"line":101,"column":4}},{"start":{"line":94,"column":10},"end":{"line":101,"column":4}}],"line":94},"18":{"loc":{"start":{"line":94,"column":14},"end":{"line":94,"column":39}},"type":"binary-expr","locations":[{"start":{"line":94,"column":14},"end":{"line":94,"column":25}},{"start":{"line":94,"column":29},"end":{"line":94,"column":39}}],"line":94},"19":{"loc":{"start":{"line":97,"column":10},"end":{"line":101,"column":4}},"type":"if","locations":[{"start":{"line":97,"column":10},"end":{"line":101,"column":4}},{"start":{"line":97,"column":10},"end":{"line":101,"column":4}}],"line":97}},"s":{"0":1,"1":1,"2":1,"3":10,"4":10,"5":10,"6":10,"7":10,"8":10,"9":1,"10":1,"11":1,"12":1,"13":0,"14":1,"15":8,"16":1,"17":0,"18":1,"19":0,"20":1,"21":1,"22":0,"23":1,"24":1,"25":1,"26":1,"27":1,"28":1,"29":1,"30":0,"31":0,"32":0,"33":0,"34":0,"35":0,"36":0,"37":0,"38":0,"39":0,"40":0,"41":0,"42":0,"43":0,"44":0,"45":0,"46":0,"47":0,"48":0,"49":0,"50":0,"51":0,"52":0,"53":0,"54":0,"55":0,"56":0,"57":0,"58":0,"59":0,"60":0,"61":1,"62":1,"63":1,"64":0,"65":0,"66":1,"67":1},"f":{"0":1,"1":1,"2":1,"3":8,"4":1,"5":1,"6":1,"7":1,"8":1,"9":0,"10":0,"11":0,"12":0,"13":0,"14":0,"15":1,"16":0,"17":0,"18":1},"b":{"0":[10,10],"1":[10,0],"2":[1,0],"3":[0,1],"4":[4,4],"5":[8,8],"6":[0,1],"7":[0,1],"8":[0,1],"9":[1,0,0],"10":[0,1],"11":[1,0],"12":[1,1],"13":[1,0],"14":[1,0],"15":[1,0],"16":[0,0],"17":[0,0],"18":[0,0],"19":[0,0]},"_coverageSchema":"332fd63041d2c1bcb487cc26dd0d5f7d97098a6c","hash":"163871da8ed481c67b0bac6f729b0289e31b51c4"}
,"/Users/dianey/myProjects/AirCnB/reviews-module/client/src/components/Flag.jsx": {"path":"/Users/dianey/myProjects/AirCnB/reviews-module/client/src/components/Flag.jsx","statementMap":{"0":{"start":{"line":1,"column":39},"end":{"line":1,"column":101}},"1":{"start":{"line":3,"column":192},"end":{"line":3,"column":246}},"2":{"start":{"line":5,"column":11},"end":{"line":49,"column":1}},"3":{"start":{"line":6,"column":2},"end":{"line":48,"column":3}},"4":{"start":{"line":7,"column":4},"end":{"line":40,"column":264}},"5":{"start":{"line":45,"column":4},"end":{"line":46,"column":129}}},"fnMap":{"0":{"name":"_interopRequireDefault","decl":{"start":{"line":3,"column":163},"end":{"line":3,"column":185}},"loc":{"start":{"line":3,"column":191},"end":{"line":3,"column":247}},"line":3},"1":{"name":"Flag","decl":{"start":{"line":5,"column":20},"end":{"line":5,"column":24}},"loc":{"start":{"line":5,"column":32},"end":{"line":49,"column":1}},"line":5}},"branchMap":{"0":{"loc":{"start":{"line":3,"column":199},"end":{"line":3,"column":245}},"type":"cond-expr","locations":[{"start":{"line":3,"column":223},"end":{"line":3,"column":226}},{"start":{"line":3,"column":229},"end":{"line":3,"column":245}}],"line":3},"1":{"loc":{"start":{"line":3,"column":199},"end":{"line":3,"column":220}},"type":"binary-expr","locations":[{"start":{"line":3,"column":199},"end":{"line":3,"column":202}},{"start":{"line":3,"column":206},"end":{"line":3,"column":220}}],"line":3},"2":{"loc":{"start":{"line":6,"column":2},"end":{"line":48,"column":3}},"type":"if","locations":[{"start":{"line":6,"column":2},"end":{"line":48,"column":3}},{"start":{"line":6,"column":2},"end":{"line":48,"column":3}}],"line":6}},"s":{"0":2,"1":6,"2":2,"3":1,"4":0,"5":1},"f":{"0":6,"1":1},"b":{"0":[0,6],"1":[6,6],"2":[0,1]},"_coverageSchema":"332fd63041d2c1bcb487cc26dd0d5f7d97098a6c","hash":"2469ef5000c80ea2005ff343abdd6b7bc1c660d5"}
,"/Users/dianey/myProjects/AirCnB/reviews-module/client/src/components/PageTabs.jsx": {"path":"/Users/dianey/myProjects/AirCnB/reviews-module/client/src/components/PageTabs.jsx","statementMap":{"0":{"start":{"line":1,"column":39},"end":{"line":1,"column":101}},"1":{"start":{"line":1,"column":120},"end":{"line":1,"column":649}},"2":{"start":{"line":1,"column":175},"end":{"line":1,"column":440}},"3":{"start":{"line":1,"column":232},"end":{"line":1,"column":240}},"4":{"start":{"line":1,"column":241},"end":{"line":1,"column":296}},"5":{"start":{"line":1,"column":296},"end":{"line":1,"column":327}},"6":{"start":{"line":1,"column":327},"end":{"line":1,"column":381}},"7":{"start":{"line":1,"column":354},"end":{"line":1,"column":381}},"8":{"start":{"line":1,"column":381},"end":{"line":1,"column":439}},"9":{"start":{"line":1,"column":441},"end":{"line":1,"column":646}},"10":{"start":{"line":1,"column":497},"end":{"line":1,"column":565}},"11":{"start":{"line":1,"column":513},"end":{"line":1,"column":565}},"12":{"start":{"line":1,"column":565},"end":{"line":1,"column":625}},"13":{"start":{"line":1,"column":582},"end":{"line":1,"column":625}},"14":{"start":{"line":1,"column":625},"end":{"line":1,"column":644}},"15":{"start":{"line":3,"column":208},"end":{"line":3,"column":262}},"16":{"start":{"line":3,"column":312},"end":{"line":3,"column":411}},"17":{"start":{"line":3,"column":353},"end":{"line":3,"column":410}},"18":{"start":{"line":3,"column":461},"end":{"line":3,"column":560}},"19":{"start":{"line":3,"column":473},"end":{"line":3,"column":559}},"20":{"start":{"line":3,"column":560},"end":{"line":3,"column":646}},"21":{"start":{"line":3,"column":689},"end":{"line":3,"column":852}},"22":{"start":{"line":3,"column":751},"end":{"line":3,"column":851}},"23":{"start":{"line":3,"column":852},"end":{"line":3,"column":1016}},"24":{"start":{"line":3,"column":1016},"end":{"line":3,"column":1134}},"25":{"start":{"line":3,"column":1032},"end":{"line":3,"column":1134}},"26":{"start":{"line":5,"column":11},"end":{"line":107,"column":106}},"27":{"start":{"line":5,"column":40},"end":{"line":5,"column":78}},"28":{"start":{"line":6,"column":123},"end":{"line":7,"column":9}},"29":{"start":{"line":16,"column":2},"end":{"line":107,"column":8}},"30":{"start":{"line":19,"column":3},"end":{"line":25,"column":4}},"31":{"start":{"line":20,"column":4},"end":{"line":22,"column":231}},"32":{"start":{"line":26,"column":3},"end":{"line":28,"column":230}},"33":{"start":{"line":33,"column":3},"end":{"line":35,"column":386}},"34":{"start":{"line":40,"column":3},"end":{"line":42,"column":386}},"35":{"start":{"line":48,"column":3},"end":{"line":96,"column":4}},"36":{"start":{"line":49,"column":4},"end":{"line":55,"column":33}},"37":{"start":{"line":58,"column":10},"end":{"line":96,"column":4}},"38":{"start":{"line":59,"column":4},"end":{"line":67,"column":33}},"39":{"start":{"line":71,"column":10},"end":{"line":96,"column":4}},"40":{"start":{"line":72,"column":4},"end":{"line":78,"column":44}},"41":{"start":{"line":83,"column":4},"end":{"line":93,"column":33}},"42":{"start":{"line":100,"column":3},"end":{"line":103,"column":31}},"43":{"start":{"line":107,"column":8},"end":{"line":107,"column":24}}},"fnMap":{"0":{"name":"(anonymous_0)","decl":{"start":{"line":1,"column":120},"end":{"line":1,"column":121}},"loc":{"start":{"line":1,"column":132},"end":{"line":1,"column":647}},"line":1},"1":{"name":"defineProperties","decl":{"start":{"line":1,"column":142},"end":{"line":1,"column":158}},"loc":{"start":{"line":1,"column":174},"end":{"line":1,"column":441}},"line":1},"2":{"name":"(anonymous_2)","decl":{"start":{"line":1,"column":448},"end":{"line":1,"column":449}},"loc":{"start":{"line":1,"column":496},"end":{"line":1,"column":645}},"line":1},"3":{"name":"_interopRequireDefault","decl":{"start":{"line":3,"column":179},"end":{"line":3,"column":201}},"loc":{"start":{"line":3,"column":207},"end":{"line":3,"column":263}},"line":3},"4":{"name":"_classCallCheck","decl":{"start":{"line":3,"column":272},"end":{"line":3,"column":287}},"loc":{"start":{"line":3,"column":311},"end":{"line":3,"column":412}},"line":3},"5":{"name":"_possibleConstructorReturn","decl":{"start":{"line":3,"column":421},"end":{"line":3,"column":447}},"loc":{"start":{"line":3,"column":460},"end":{"line":3,"column":647}},"line":3},"6":{"name":"_inherits","decl":{"start":{"line":3,"column":656},"end":{"line":3,"column":665}},"loc":{"start":{"line":3,"column":688},"end":{"line":3,"column":1135}},"line":3},"7":{"name":"(anonymous_7)","decl":{"start":{"line":5,"column":11},"end":{"line":5,"column":12}},"loc":{"start":{"line":5,"column":39},"end":{"line":107,"column":25}},"line":5},"8":{"name":"PageTabs","decl":{"start":{"line":6,"column":36},"end":{"line":6,"column":44}},"loc":{"start":{"line":6,"column":52},"end":{"line":16,"column":2}},"line":6},"9":{"name":"displayTab","decl":{"start":{"line":16,"column":63},"end":{"line":16,"column":73}},"loc":{"start":{"line":18,"column":10},"end":{"line":31,"column":3}},"line":18},"10":{"name":"displayLeftArrow","decl":{"start":{"line":31,"column":50},"end":{"line":31,"column":66}},"loc":{"start":{"line":32,"column":2},"end":{"line":38,"column":3}},"line":32},"11":{"name":"displayRightArrow","decl":{"start":{"line":38,"column":51},"end":{"line":38,"column":68}},"loc":{"start":{"line":39,"column":2},"end":{"line":45,"column":3}},"line":39},"12":{"name":"displayAllTabs","decl":{"start":{"line":45,"column":48},"end":{"line":45,"column":62}},"loc":{"start":{"line":47,"column":2},"end":{"line":97,"column":3}},"line":47},"13":{"name":"render","decl":{"start":{"line":97,"column":40},"end":{"line":97,"column":46}},"loc":{"start":{"line":99,"column":2},"end":{"line":107,"column":3}},"line":99}},"branchMap":{"0":{"loc":{"start":{"line":1,"column":265},"end":{"line":1,"column":295}},"type":"binary-expr","locations":[{"start":{"line":1,"column":265},"end":{"line":1,"column":286}},{"start":{"line":1,"column":290},"end":{"line":1,"column":295}}],"line":1},"1":{"loc":{"start":{"line":1,"column":327},"end":{"line":1,"column":381}},"type":"if","locations":[{"start":{"line":1,"column":327},"end":{"line":1,"column":381}},{"start":{"line":1,"column":327},"end":{"line":1,"column":381}}],"line":1},"2":{"loc":{"start":{"line":1,"column":497},"end":{"line":1,"column":565}},"type":"if","locations":[{"start":{"line":1,"column":497},"end":{"line":1,"column":565}},{"start":{"line":1,"column":497},"end":{"line":1,"column":565}}],"line":1},"3":{"loc":{"start":{"line":1,"column":565},"end":{"line":1,"column":625}},"type":"if","locations":[{"start":{"line":1,"column":565},"end":{"line":1,"column":625}},{"start":{"line":1,"column":565},"end":{"line":1,"column":625}}],"line":1},"4":{"loc":{"start":{"line":3,"column":215},"end":{"line":3,"column":261}},"type":"cond-expr","locations":[{"start":{"line":3,"column":239},"end":{"line":3,"column":242}},{"start":{"line":3,"column":245},"end":{"line":3,"column":261}}],"line":3},"5":{"loc":{"start":{"line":3,"column":215},"end":{"line":3,"column":236}},"type":"binary-expr","locations":[{"start":{"line":3,"column":215},"end":{"line":3,"column":218}},{"start":{"line":3,"column":222},"end":{"line":3,"column":236}}],"line":3},"6":{"loc":{"start":{"line":3,"column":312},"end":{"line":3,"column":411}},"type":"if","locations":[{"start":{"line":3,"column":312},"end":{"line":3,"column":411}},{"start":{"line":3,"column":312},"end":{"line":3,"column":411}}],"line":3},"7":{"loc":{"start":{"line":3,"column":461},"end":{"line":3,"column":560}},"type":"if","locations":[{"start":{"line":3,"column":461},"end":{"line":3,"column":560}},{"start":{"line":3,"column":461},"end":{"line":3,"column":560}}],"line":3},"8":{"loc":{"start":{"line":3,"column":567},"end":{"line":3,"column":645}},"type":"cond-expr","locations":[{"start":{"line":3,"column":634},"end":{"line":3,"column":638}},{"start":{"line":3,"column":641},"end":{"line":3,"column":645}}],"line":3},"9":{"loc":{"start":{"line":3,"column":567},"end":{"line":3,"column":631}},"type":"binary-expr","locations":[{"start":{"line":3,"column":567},"end":{"line":3,"column":571}},{"start":{"line":3,"column":576},"end":{"line":3,"column":600}},{"start":{"line":3,"column":604},"end":{"line":3,"column":630}}],"line":3},"10":{"loc":{"start":{"line":3,"column":689},"end":{"line":3,"column":852}},"type":"if","locations":[{"start":{"line":3,"column":689},"end":{"line":3,"column":852}},{"start":{"line":3,"column":689},"end":{"line":3,"column":852}}],"line":3},"11":{"loc":{"start":{"line":3,"column":693},"end":{"line":3,"column":748}},"type":"binary-expr","locations":[{"start":{"line":3,"column":693},"end":{"line":3,"column":725}},{"start":{"line":3,"column":729},"end":{"line":3,"column":748}}],"line":3},"12":{"loc":{"start":{"line":3,"column":887},"end":{"line":3,"column":921}},"type":"binary-expr","locations":[{"start":{"line":3,"column":887},"end":{"line":3,"column":897}},{"start":{"line":3,"column":901},"end":{"line":3,"column":921}}],"line":3},"13":{"loc":{"start":{"line":3,"column":1016},"end":{"line":3,"column":1134}},"type":"if","locations":[{"start":{"line":3,"column":1016},"end":{"line":3,"column":1134}},{"start":{"line":3,"column":1016},"end":{"line":3,"column":1134}}],"line":3},"14":{"loc":{"start":{"line":3,"column":1032},"end":{"line":3,"column":1133}},"type":"cond-expr","locations":[{"start":{"line":3,"column":1056},"end":{"line":3,"column":1099}},{"start":{"line":3,"column":1102},"end":{"line":3,"column":1133}}],"line":3},"15":{"loc":{"start":{"line":6,"column":157},"end":{"line":6,"column":210}},"type":"binary-expr","locations":[{"start":{"line":6,"column":157},"end":{"line":6,"column":175}},{"start":{"line":6,"column":179},"end":{"line":6,"column":210}}],"line":6},"16":{"loc":{"start":{"line":19,"column":3},"end":{"line":25,"column":4}},"type":"if","locations":[{"start":{"line":19,"column":3},"end":{"line":25,"column":4}},{"start":{"line":19,"column":3},"end":{"line":25,"column":4}}],"line":19},"17":{"loc":{"start":{"line":48,"column":3},"end":{"line":96,"column":4}},"type":"if","locations":[{"start":{"line":48,"column":3},"end":{"line":96,"column":4}},{"start":{"line":48,"column":3},"end":{"line":96,"column":4}}],"line":48},"18":{"loc":{"start":{"line":58,"column":10},"end":{"line":96,"column":4}},"type":"if","locations":[{"start":{"line":58,"column":10},"end":{"line":96,"column":4}},{"start":{"line":58,"column":10},"end":{"line":96,"column":4}}],"line":58},"19":{"loc":{"start":{"line":71,"column":10},"end":{"line":96,"column":4}},"type":"if","locations":[{"start":{"line":71,"column":10},"end":{"line":96,"column":4}},{"start":{"line":71,"column":10},"end":{"line":96,"column":4}}],"line":71}},"s":{"0":3,"1":3,"2":3,"3":15,"4":15,"5":15,"6":15,"7":15,"8":15,"9":3,"10":3,"11":3,"12":3,"13":0,"14":3,"15":9,"16":1,"17":0,"18":1,"19":0,"20":1,"21":3,"22":0,"23":3,"24":3,"25":3,"26":3,"27":3,"28":1,"29":3,"30":3,"31":1,"32":2,"33":1,"34":0,"35":1,"36":0,"37":1,"38":0,"39":1,"40":1,"41":0,"42":1,"43":3},"f":{"0":3,"1":3,"2":3,"3":9,"4":1,"5":1,"6":3,"7":3,"8":1,"9":3,"10":1,"11":0,"12":1,"13":1},"b":{"0":[15,15],"1":[15,0],"2":[3,0],"3":[0,3],"4":[0,9],"5":[9,9],"6":[0,1],"7":[0,1],"8":[0,1],"9":[1,0,0],"10":[0,3],"11":[3,0],"12":[3,3],"13":[3,0],"14":[3,0],"15":[1,0],"16":[1,2],"17":[0,1],"18":[0,1],"19":[1,0]},"_coverageSchema":"332fd63041d2c1bcb487cc26dd0d5f7d97098a6c","hash":"1b0f28e78820f407b5a58de853dcd498dc5f1874"}
,"/Users/dianey/myProjects/AirCnB/reviews-module/client/src/components/ReviewList.jsx": {"path":"/Users/dianey/myProjects/AirCnB/reviews-module/client/src/components/ReviewList.jsx","statementMap":{"0":{"start":{"line":1,"column":39},"end":{"line":1,"column":101}},"1":{"start":{"line":1,"column":120},"end":{"line":1,"column":649}},"2":{"start":{"line":1,"column":175},"end":{"line":1,"column":440}},"3":{"start":{"line":1,"column":232},"end":{"line":1,"column":240}},"4":{"start":{"line":1,"column":241},"end":{"line":1,"column":296}},"5":{"start":{"line":1,"column":296},"end":{"line":1,"column":327}},"6":{"start":{"line":1,"column":327},"end":{"line":1,"column":381}},"7":{"start":{"line":1,"column":354},"end":{"line":1,"column":381}},"8":{"start":{"line":1,"column":381},"end":{"line":1,"column":439}},"9":{"start":{"line":1,"column":441},"end":{"line":1,"column":646}},"10":{"start":{"line":1,"column":497},"end":{"line":1,"column":565}},"11":{"start":{"line":1,"column":513},"end":{"line":1,"column":565}},"12":{"start":{"line":1,"column":565},"end":{"line":1,"column":625}},"13":{"start":{"line":1,"column":582},"end":{"line":1,"column":625}},"14":{"start":{"line":1,"column":625},"end":{"line":1,"column":644}},"15":{"start":{"line":4,"column":184},"end":{"line":4,"column":238}},"16":{"start":{"line":4,"column":288},"end":{"line":4,"column":387}},"17":{"start":{"line":4,"column":329},"end":{"line":4,"column":386}},"18":{"start":{"line":4,"column":437},"end":{"line":4,"column":536}},"19":{"start":{"line":4,"column":449},"end":{"line":4,"column":535}},"20":{"start":{"line":4,"column":536},"end":{"line":4,"column":622}},"21":{"start":{"line":4,"column":665},"end":{"line":4,"column":828}},"22":{"start":{"line":4,"column":727},"end":{"line":4,"column":827}},"23":{"start":{"line":4,"column":828},"end":{"line":4,"column":992}},"24":{"start":{"line":4,"column":992},"end":{"line":4,"column":1110}},"25":{"start":{"line":4,"column":1008},"end":{"line":4,"column":1110}},"26":{"start":{"line":6,"column":13},"end":{"line":135,"column":108}},"27":{"start":{"line":6,"column":42},"end":{"line":6,"column":82}},"28":{"start":{"line":7,"column":127},"end":{"line":8,"column":9}},"29":{"start":{"line":22,"column":2},"end":{"line":135,"column":8}},"30":{"start":{"line":25,"column":3},"end":{"line":30,"column":312}},"31":{"start":{"line":38,"column":26},"end":{"line":38,"column":59}},"32":{"start":{"line":39,"column":3},"end":{"line":58,"column":36}},"33":{"start":{"line":42,"column":6},"end":{"line":53,"column":304}},"34":{"start":{"line":64,"column":17},"end":{"line":64,"column":35}},"35":{"start":{"line":65,"column":24},"end":{"line":65,"column":49}},"36":{"start":{"line":66,"column":26},"end":{"line":66,"column":28}},"37":{"start":{"line":67,"column":20},"end":{"line":67,"column":50}},"38":{"start":{"line":68,"column":18},"end":{"line":68,"column":46}},"39":{"start":{"line":69,"column":3},"end":{"line":73,"column":4}},"40":{"start":{"line":70,"column":4},"end":{"line":72,"column":5}},"41":{"start":{"line":71,"column":5},"end":{"line":71,"column":44}},"42":{"start":{"line":74,"column":3},"end":{"line":74,"column":27}},"43":{"start":{"line":78,"column":17},"end":{"line":78,"column":49}},"44":{"start":{"line":79,"column":3},"end":{"line":80,"column":24}},"45":{"start":{"line":85,"column":3},"end":{"line":89,"column":4}},"46":{"start":{"line":86,"column":4},"end":{"line":87,"column":42}},"47":{"start":{"line":93,"column":3},"end":{"line":97,"column":4}},"48":{"start":{"line":94,"column":4},"end":{"line":95,"column":42}},"49":{"start":{"line":101,"column":3},"end":{"line":109,"column":37}},"50":{"start":{"line":115,"column":3},"end":{"line":134,"column":4}},"51":{"start":{"line":116,"column":4},"end":{"line":118,"column":47}},"52":{"start":{"line":121,"column":10},"end":{"line":134,"column":4}},"53":{"start":{"line":122,"column":4},"end":{"line":124,"column":40}},"54":{"start":{"line":128,"column":4},"end":{"line":131,"column":53}},"55":{"start":{"line":135,"column":8},"end":{"line":135,"column":26}}},"fnMap":{"0":{"name":"(anonymous_0)","decl":{"start":{"line":1,"column":120},"end":{"line":1,"column":121}},"loc":{"start":{"line":1,"column":132},"end":{"line":1,"column":647}},"line":1},"1":{"name":"defineProperties","decl":{"start":{"line":1,"column":142},"end":{"line":1,"column":158}},"loc":{"start":{"line":1,"column":174},"end":{"line":1,"column":441}},"line":1},"2":{"name":"(anonymous_2)","decl":{"start":{"line":1,"column":448},"end":{"line":1,"column":449}},"loc":{"start":{"line":1,"column":496},"end":{"line":1,"column":645}},"line":1},"3":{"name":"_interopRequireDefault","decl":{"start":{"line":4,"column":155},"end":{"line":4,"column":177}},"loc":{"start":{"line":4,"column":183},"end":{"line":4,"column":239}},"line":4},"4":{"name":"_classCallCheck","decl":{"start":{"line":4,"column":248},"end":{"line":4,"column":263}},"loc":{"start":{"line":4,"column":287},"end":{"line":4,"column":388}},"line":4},"5":{"name":"_possibleConstructorReturn","decl":{"start":{"line":4,"column":397},"end":{"line":4,"column":423}},"loc":{"start":{"line":4,"column":436},"end":{"line":4,"column":623}},"line":4},"6":{"name":"_inherits","decl":{"start":{"line":4,"column":632},"end":{"line":4,"column":641}},"loc":{"start":{"line":4,"column":664},"end":{"line":4,"column":1111}},"line":4},"7":{"name":"(anonymous_7)","decl":{"start":{"line":6,"column":13},"end":{"line":6,"column":14}},"loc":{"start":{"line":6,"column":41},"end":{"line":135,"column":27}},"line":6},"8":{"name":"ReviewList","decl":{"start":{"line":7,"column":36},"end":{"line":7,"column":46}},"loc":{"start":{"line":7,"column":54},"end":{"line":22,"column":2}},"line":7},"9":{"name":"renderSearchHeader","decl":{"start":{"line":22,"column":73},"end":{"line":22,"column":91}},"loc":{"start":{"line":24,"column":19},"end":{"line":35,"column":3}},"line":24},"10":{"name":"renderReviews","decl":{"start":{"line":35,"column":47},"end":{"line":35,"column":60}},"loc":{"start":{"line":37,"column":11},"end":{"line":61,"column":3}},"line":37},"11":{"name":"(anonymous_11)","decl":{"start":{"line":41,"column":26},"end":{"line":41,"column":27}},"loc":{"start":{"line":41,"column":51},"end":{"line":57,"column":6}},"line":41},"12":{"name":"getReviewsToDisplay","decl":{"start":{"line":61,"column":53},"end":{"line":61,"column":72}},"loc":{"start":{"line":63,"column":16},"end":{"line":75,"column":3}},"line":63},"13":{"name":"changePage","decl":{"start":{"line":75,"column":44},"end":{"line":75,"column":54}},"loc":{"start":{"line":77,"column":9},"end":{"line":82,"column":3}},"line":77},"14":{"name":"goPrevPage","decl":{"start":{"line":82,"column":44},"end":{"line":82,"column":54}},"loc":{"start":{"line":84,"column":2},"end":{"line":90,"column":3}},"line":84},"15":{"name":"(anonymous_15)","decl":{"start":{"line":86,"column":18},"end":{"line":86,"column":19}},"loc":{"start":{"line":86,"column":65},"end":{"line":87,"column":40}},"line":86},"16":{"name":"goNextPage","decl":{"start":{"line":90,"column":44},"end":{"line":90,"column":54}},"loc":{"start":{"line":92,"column":16},"end":{"line":98,"column":3}},"line":92},"17":{"name":"(anonymous_17)","decl":{"start":{"line":94,"column":18},"end":{"line":94,"column":19}},"loc":{"start":{"line":94,"column":65},"end":{"line":95,"column":40}},"line":94},"18":{"name":"renderPageTabs","decl":{"start":{"line":98,"column":48},"end":{"line":98,"column":62}},"loc":{"start":{"line":100,"column":16},"end":{"line":112,"column":3}},"line":100},"19":{"name":"render","decl":{"start":{"line":112,"column":40},"end":{"line":112,"column":46}},"loc":{"start":{"line":114,"column":2},"end":{"line":135,"column":3}},"line":114}},"branchMap":{"0":{"loc":{"start":{"line":1,"column":265},"end":{"line":1,"column":295}},"type":"binary-expr","locations":[{"start":{"line":1,"column":265},"end":{"line":1,"column":286}},{"start":{"line":1,"column":290},"end":{"line":1,"column":295}}],"line":1},"1":{"loc":{"start":{"line":1,"column":327},"end":{"line":1,"column":381}},"type":"if","locations":[{"start":{"line":1,"column":327},"end":{"line":1,"column":381}},{"start":{"line":1,"column":327},"end":{"line":1,"column":381}}],"line":1},"2":{"loc":{"start":{"line":1,"column":497},"end":{"line":1,"column":565}},"type":"if","locations":[{"start":{"line":1,"column":497},"end":{"line":1,"column":565}},{"start":{"line":1,"column":497},"end":{"line":1,"column":565}}],"line":1},"3":{"loc":{"start":{"line":1,"column":565},"end":{"line":1,"column":625}},"type":"if","locations":[{"start":{"line":1,"column":565},"end":{"line":1,"column":625}},{"start":{"line":1,"column":565},"end":{"line":1,"column":625}}],"line":1},"4":{"loc":{"start":{"line":4,"column":191},"end":{"line":4,"column":237}},"type":"cond-expr","locations":[{"start":{"line":4,"column":215},"end":{"line":4,"column":218}},{"start":{"line":4,"column":221},"end":{"line":4,"column":237}}],"line":4},"5":{"loc":{"start":{"line":4,"column":191},"end":{"line":4,"column":212}},"type":"binary-expr","locations":[{"start":{"line":4,"column":191},"end":{"line":4,"column":194}},{"start":{"line":4,"column":198},"end":{"line":4,"column":212}}],"line":4},"6":{"loc":{"start":{"line":4,"column":288},"end":{"line":4,"column":387}},"type":"if","locations":[{"start":{"line":4,"column":288},"end":{"line":4,"column":387}},{"start":{"line":4,"column":288},"end":{"line":4,"column":387}}],"line":4},"7":{"loc":{"start":{"line":4,"column":437},"end":{"line":4,"column":536}},"type":"if","locations":[{"start":{"line":4,"column":437},"end":{"line":4,"column":536}},{"start":{"line":4,"column":437},"end":{"line":4,"column":536}}],"line":4},"8":{"loc":{"start":{"line":4,"column":543},"end":{"line":4,"column":621}},"type":"cond-expr","locations":[{"start":{"line":4,"column":610},"end":{"line":4,"column":614}},{"start":{"line":4,"column":617},"end":{"line":4,"column":621}}],"line":4},"9":{"loc":{"start":{"line":4,"column":543},"end":{"line":4,"column":607}},"type":"binary-expr","locations":[{"start":{"line":4,"column":543},"end":{"line":4,"column":547}},{"start":{"line":4,"column":552},"end":{"line":4,"column":576}},{"start":{"line":4,"column":580},"end":{"line":4,"column":606}}],"line":4},"10":{"loc":{"start":{"line":4,"column":665},"end":{"line":4,"column":828}},"type":"if","locations":[{"start":{"line":4,"column":665},"end":{"line":4,"column":828}},{"start":{"line":4,"column":665},"end":{"line":4,"column":828}}],"line":4},"11":{"loc":{"start":{"line":4,"column":669},"end":{"line":4,"column":724}},"type":"binary-expr","locations":[{"start":{"line":4,"column":669},"end":{"line":4,"column":701}},{"start":{"line":4,"column":705},"end":{"line":4,"column":724}}],"line":4},"12":{"loc":{"start":{"line":4,"column":863},"end":{"line":4,"column":897}},"type":"binary-expr","locations":[{"start":{"line":4,"column":863},"end":{"line":4,"column":873}},{"start":{"line":4,"column":877},"end":{"line":4,"column":897}}],"line":4},"13":{"loc":{"start":{"line":4,"column":992},"end":{"line":4,"column":1110}},"type":"if","locations":[{"start":{"line":4,"column":992},"end":{"line":4,"column":1110}},{"start":{"line":4,"column":992},"end":{"line":4,"column":1110}}],"line":4},"14":{"loc":{"start":{"line":4,"column":1008},"end":{"line":4,"column":1109}},"type":"cond-expr","locations":[{"start":{"line":4,"column":1032},"end":{"line":4,"column":1075}},{"start":{"line":4,"column":1078},"end":{"line":4,"column":1109}}],"line":4},"15":{"loc":{"start":{"line":7,"column":161},"end":{"line":7,"column":218}},"type":"binary-expr","locations":[{"start":{"line":7,"column":161},"end":{"line":7,"column":181}},{"start":{"line":7,"column":185},"end":{"line":7,"column":218}}],"line":7},"16":{"loc":{"start":{"line":70,"column":4},"end":{"line":72,"column":5}},"type":"if","locations":[{"start":{"line":70,"column":4},"end":{"line":72,"column":5}},{"start":{"line":70,"column":4},"end":{"line":72,"column":5}}],"line":70},"17":{"loc":{"start":{"line":85,"column":3},"end":{"line":89,"column":4}},"type":"if","locations":[{"start":{"line":85,"column":3},"end":{"line":89,"column":4}},{"start":{"line":85,"column":3},"end":{"line":89,"column":4}}],"line":85},"18":{"loc":{"start":{"line":93,"column":3},"end":{"line":97,"column":4}},"type":"if","locations":[{"start":{"line":93,"column":3},"end":{"line":97,"column":4}},{"start":{"line":93,"column":3},"end":{"line":97,"column":4}}],"line":93},"19":{"loc":{"start":{"line":115,"column":3},"end":{"line":134,"column":4}},"type":"if","locations":[{"start":{"line":115,"column":3},"end":{"line":134,"column":4}},{"start":{"line":115,"column":3},"end":{"line":134,"column":4}}],"line":115},"20":{"loc":{"start":{"line":121,"column":10},"end":{"line":134,"column":4}},"type":"if","locations":[{"start":{"line":121,"column":10},"end":{"line":134,"column":4}},{"start":{"line":121,"column":10},"end":{"line":134,"column":4}}],"line":121}},"s":{"0":2,"1":2,"2":2,"3":16,"4":16,"5":16,"6":16,"7":16,"8":16,"9":2,"10":2,"11":2,"12":2,"13":0,"14":2,"15":8,"16":1,"17":0,"18":1,"19":0,"20":1,"21":2,"22":0,"23":2,"24":2,"25":2,"26":2,"27":2,"28":1,"29":2,"30":0,"31":0,"32":0,"33":0,"34":0,"35":0,"36":0,"37":0,"38":0,"39":0,"40":0,"41":0,"42":0,"43":0,"44":0,"45":0,"46":0,"47":0,"48":0,"49":0,"50":1,"51":0,"52":1,"53":0,"54":0,"55":2},"f":{"0":2,"1":2,"2":2,"3":8,"4":1,"5":1,"6":2,"7":2,"8":1,"9":0,"10":0,"11":0,"12":0,"13":0,"14":0,"15":0,"16":0,"17":0,"18":0,"19":1},"b":{"0":[16,16],"1":[16,0],"2":[2,0],"3":[0,2],"4":[2,6],"5":[8,8],"6":[0,1],"7":[0,1],"8":[0,1],"9":[1,0,0],"10":[0,2],"11":[2,0],"12":[2,2],"13":[2,0],"14":[2,0],"15":[1,0],"16":[0,0],"17":[0,0],"18":[0,0],"19":[0,1],"20":[0,0]},"_coverageSchema":"332fd63041d2c1bcb487cc26dd0d5f7d97098a6c","hash":"72299a69050311aa43094f607d1f60a258008c5b"}
,"/Users/dianey/myProjects/AirCnB/reviews-module/client/src/components/ReviewStats.jsx": {"path":"/Users/dianey/myProjects/AirCnB/reviews-module/client/src/components/ReviewStats.jsx","statementMap":{"0":{"start":{"line":1,"column":39},"end":{"line":1,"column":101}},"1":{"start":{"line":4,"column":220},"end":{"line":4,"column":274}},"2":{"start":{"line":6,"column":18},"end":{"line":39,"column":1}},"3":{"start":{"line":7,"column":1},"end":{"line":34,"column":438}}},"fnMap":{"0":{"name":"_interopRequireDefault","decl":{"start":{"line":4,"column":191},"end":{"line":4,"column":213}},"loc":{"start":{"line":4,"column":219},"end":{"line":4,"column":275}},"line":4},"1":{"name":"ReviewStats","decl":{"start":{"line":6,"column":27},"end":{"line":6,"column":38}},"loc":{"start":{"line":6,"column":46},"end":{"line":39,"column":1}},"line":6}},"branchMap":{"0":{"loc":{"start":{"line":4,"column":227},"end":{"line":4,"column":273}},"type":"cond-expr","locations":[{"start":{"line":4,"column":251},"end":{"line":4,"column":254}},{"start":{"line":4,"column":257},"end":{"line":4,"column":273}}],"line":4},"1":{"loc":{"start":{"line":4,"column":227},"end":{"line":4,"column":248}},"type":"binary-expr","locations":[{"start":{"line":4,"column":227},"end":{"line":4,"column":230}},{"start":{"line":4,"column":234},"end":{"line":4,"column":248}}],"line":4}},"s":{"0":2,"1":8,"2":2,"3":1},"f":{"0":8,"1":1},"b":{"0":[2,6],"1":[8,8]},"_coverageSchema":"332fd63041d2c1bcb487cc26dd0d5f7d97098a6c","hash":"e54f76dc66b4c659711dd516985492569a07d205"}
,"/Users/dianey/myProjects/AirCnB/reviews-module/client/src/components/Search.jsx": {"path":"/Users/dianey/myProjects/AirCnB/reviews-module/client/src/components/Search.jsx","statementMap":{"0":{"start":{"line":1,"column":39},"end":{"line":1,"column":101}},"1":{"start":{"line":2,"column":200},"end":{"line":2,"column":254}},"2":{"start":{"line":4,"column":13},"end":{"line":17,"column":12}}},"fnMap":{"0":{"name":"_interopRequireDefault","decl":{"start":{"line":2,"column":171},"end":{"line":2,"column":193}},"loc":{"start":{"line":2,"column":199},"end":{"line":2,"column":255}},"line":2},"1":{"name":"Search","decl":{"start":{"line":4,"column":22},"end":{"line":4,"column":28}},"loc":{"start":{"line":4,"column":62},"end":{"line":17,"column":12}},"line":4}},"branchMap":{"0":{"loc":{"start":{"line":2,"column":207},"end":{"line":2,"column":253}},"type":"cond-expr","locations":[{"start":{"line":2,"column":231},"end":{"line":2,"column":234}},{"start":{"line":2,"column":237},"end":{"line":2,"column":253}}],"line":2},"1":{"loc":{"start":{"line":2,"column":207},"end":{"line":2,"column":228}},"type":"binary-expr","locations":[{"start":{"line":2,"column":207},"end":{"line":2,"column":210}},{"start":{"line":2,"column":214},"end":{"line":2,"column":228}}],"line":2}},"s":{"0":3,"1":6,"2":3},"f":{"0":6,"1":1},"b":{"0":[0,6],"1":[6,6]},"_coverageSchema":"332fd63041d2c1bcb487cc26dd0d5f7d97098a6c","hash":"8263a54f02b133d9a5eb8e5c8de3e3fdccb78eb3"}
,"/Users/dianey/myProjects/AirCnB/reviews-module/client/src/components/Stars.jsx": {"path":"/Users/dianey/myProjects/AirCnB/reviews-module/client/src/components/Stars.jsx","statementMap":{"0":{"start":{"line":1,"column":39},"end":{"line":1,"column":101}},"1":{"start":{"line":1,"column":120},"end":{"line":1,"column":649}},"2":{"start":{"line":1,"column":175},"end":{"line":1,"column":440}},"3":{"start":{"line":1,"column":232},"end":{"line":1,"column":240}},"4":{"start":{"line":1,"column":241},"end":{"line":1,"column":296}},"5":{"start":{"line":1,"column":296},"end":{"line":1,"column":327}},"6":{"start":{"line":1,"column":327},"end":{"line":1,"column":381}},"7":{"start":{"line":1,"column":354},"end":{"line":1,"column":381}},"8":{"start":{"line":1,"column":381},"end":{"line":1,"column":439}},"9":{"start":{"line":1,"column":441},"end":{"line":1,"column":646}},"10":{"start":{"line":1,"column":497},"end":{"line":1,"column":565}},"11":{"start":{"line":1,"column":513},"end":{"line":1,"column":565}},"12":{"start":{"line":1,"column":565},"end":{"line":1,"column":625}},"13":{"start":{"line":1,"column":582},"end":{"line":1,"column":625}},"14":{"start":{"line":1,"column":625},"end":{"line":1,"column":644}},"15":{"start":{"line":3,"column":192},"end":{"line":3,"column":246}},"16":{"start":{"line":3,"column":296},"end":{"line":3,"column":395}},"17":{"start":{"line":3,"column":337},"end":{"line":3,"column":394}},"18":{"start":{"line":3,"column":445},"end":{"line":3,"column":544}},"19":{"start":{"line":3,"column":457},"end":{"line":3,"column":543}},"20":{"start":{"line":3,"column":544},"end":{"line":3,"column":630}},"21":{"start":{"line":3,"column":673},"end":{"line":3,"column":836}},"22":{"start":{"line":3,"column":735},"end":{"line":3,"column":835}},"23":{"start":{"line":3,"column":836},"end":{"line":3,"column":1000}},"24":{"start":{"line":3,"column":1000},"end":{"line":3,"column":1118}},"25":{"start":{"line":3,"column":1016},"end":{"line":3,"column":1118}},"26":{"start":{"line":5,"column":8},"end":{"line":36,"column":105}},"27":{"start":{"line":5,"column":37},"end":{"line":5,"column":72}},"28":{"start":{"line":6,"column":106},"end":{"line":7,"column":12}},"29":{"start":{"line":8,"column":3},"end":{"line":36,"column":10}},"30":{"start":{"line":11,"column":23},"end":{"line":11,"column":25}},"31":{"start":{"line":12,"column":18},"end":{"line":12,"column":46}},"32":{"start":{"line":13,"column":18},"end":{"line":13,"column":27}},"33":{"start":{"line":14,"column":6},"end":{"line":16,"column":7}},"34":{"start":{"line":15,"column":8},"end":{"line":15,"column":41}},"35":{"start":{"line":17,"column":6},"end":{"line":19,"column":7}},"36":{"start":{"line":18,"column":8},"end":{"line":18,"column":41}},"37":{"start":{"line":20,"column":6},"end":{"line":22,"column":7}},"38":{"start":{"line":21,"column":8},"end":{"line":21,"column":42}},"39":{"start":{"line":23,"column":6},"end":{"line":23,"column":24}},"40":{"start":{"line":27,"column":6},"end":{"line":31,"column":275}},"41":{"start":{"line":36,"column":10},"end":{"line":36,"column":23}}},"fnMap":{"0":{"name":"(anonymous_0)","decl":{"start":{"line":1,"column":120},"end":{"line":1,"column":121}},"loc":{"start":{"line":1,"column":132},"end":{"line":1,"column":647}},"line":1},"1":{"name":"defineProperties","decl":{"start":{"line":1,"column":142},"end":{"line":1,"column":158}},"loc":{"start":{"line":1,"column":174},"end":{"line":1,"column":441}},"line":1},"2":{"name":"(anonymous_2)","decl":{"start":{"line":1,"column":448},"end":{"line":1,"column":449}},"loc":{"start":{"line":1,"column":496},"end":{"line":1,"column":645}},"line":1},"3":{"name":"_interopRequireDefault","decl":{"start":{"line":3,"column":163},"end":{"line":3,"column":185}},"loc":{"start":{"line":3,"column":191},"end":{"line":3,"column":247}},"line":3},"4":{"name":"_classCallCheck","decl":{"start":{"line":3,"column":256},"end":{"line":3,"column":271}},"loc":{"start":{"line":3,"column":295},"end":{"line":3,"column":396}},"line":3},"5":{"name":"_possibleConstructorReturn","decl":{"start":{"line":3,"column":405},"end":{"line":3,"column":431}},"loc":{"start":{"line":3,"column":444},"end":{"line":3,"column":631}},"line":3},"6":{"name":"_inherits","decl":{"start":{"line":3,"column":640},"end":{"line":3,"column":649}},"loc":{"start":{"line":3,"column":672},"end":{"line":3,"column":1119}},"line":3},"7":{"name":"(anonymous_7)","decl":{"start":{"line":5,"column":8},"end":{"line":5,"column":9}},"loc":{"start":{"line":5,"column":36},"end":{"line":36,"column":24}},"line":5},"8":{"name":"Stars","decl":{"start":{"line":6,"column":37},"end":{"line":6,"column":42}},"loc":{"start":{"line":6,"column":50},"end":{"line":8,"column":3}},"line":6},"9":{"name":"createStars","decl":{"start":{"line":8,"column":62},"end":{"line":8,"column":73}},"loc":{"start":{"line":10,"column":12},"end":{"line":24,"column":5}},"line":10},"10":{"name":"render","decl":{"start":{"line":24,"column":42},"end":{"line":24,"column":48}},"loc":{"start":{"line":26,"column":4},"end":{"line":36,"column":5}},"line":26},"11":{"name":"(anonymous_11)","decl":{"start":{"line":30,"column":50},"end":{"line":30,"column":51}},"loc":{"start":{"line":30,"column":99},"end":{"line":31,"column":271}},"line":30}},"branchMap":{"0":{"loc":{"start":{"line":1,"column":265},"end":{"line":1,"column":295}},"type":"binary-expr","locations":[{"start":{"line":1,"column":265},"end":{"line":1,"column":286}},{"start":{"line":1,"column":290},"end":{"line":1,"column":295}}],"line":1},"1":{"loc":{"start":{"line":1,"column":327},"end":{"line":1,"column":381}},"type":"if","locations":[{"start":{"line":1,"column":327},"end":{"line":1,"column":381}},{"start":{"line":1,"column":327},"end":{"line":1,"column":381}}],"line":1},"2":{"loc":{"start":{"line":1,"column":497},"end":{"line":1,"column":565}},"type":"if","locations":[{"start":{"line":1,"column":497},"end":{"line":1,"column":565}},{"start":{"line":1,"column":497},"end":{"line":1,"column":565}}],"line":1},"3":{"loc":{"start":{"line":1,"column":565},"end":{"line":1,"column":625}},"type":"if","locations":[{"start":{"line":1,"column":565},"end":{"line":1,"column":625}},{"start":{"line":1,"column":565},"end":{"line":1,"column":625}}],"line":1},"4":{"loc":{"start":{"line":3,"column":199},"end":{"line":3,"column":245}},"type":"cond-expr","locations":[{"start":{"line":3,"column":223},"end":{"line":3,"column":226}},{"start":{"line":3,"column":229},"end":{"line":3,"column":245}}],"line":3},"5":{"loc":{"start":{"line":3,"column":199},"end":{"line":3,"column":220}},"type":"binary-expr","locations":[{"start":{"line":3,"column":199},"end":{"line":3,"column":202}},{"start":{"line":3,"column":206},"end":{"line":3,"column":220}}],"line":3},"6":{"loc":{"start":{"line":3,"column":296},"end":{"line":3,"column":395}},"type":"if","locations":[{"start":{"line":3,"column":296},"end":{"line":3,"column":395}},{"start":{"line":3,"column":296},"end":{"line":3,"column":395}}],"line":3},"7":{"loc":{"start":{"line":3,"column":445},"end":{"line":3,"column":544}},"type":"if","locations":[{"start":{"line":3,"column":445},"end":{"line":3,"column":544}},{"start":{"line":3,"column":445},"end":{"line":3,"column":544}}],"line":3},"8":{"loc":{"start":{"line":3,"column":551},"end":{"line":3,"column":629}},"type":"cond-expr","locations":[{"start":{"line":3,"column":618},"end":{"line":3,"column":622}},{"start":{"line":3,"column":625},"end":{"line":3,"column":629}}],"line":3},"9":{"loc":{"start":{"line":3,"column":551},"end":{"line":3,"column":615}},"type":"binary-expr","locations":[{"start":{"line":3,"column":551},"end":{"line":3,"column":555}},{"start":{"line":3,"column":560},"end":{"line":3,"column":584}},{"start":{"line":3,"column":588},"end":{"line":3,"column":614}}],"line":3},"10":{"loc":{"start":{"line":3,"column":673},"end":{"line":3,"column":836}},"type":"if","locations":[{"start":{"line":3,"column":673},"end":{"line":3,"column":836}},{"start":{"line":3,"column":673},"end":{"line":3,"column":836}}],"line":3},"11":{"loc":{"start":{"line":3,"column":677},"end":{"line":3,"column":732}},"type":"binary-expr","locations":[{"start":{"line":3,"column":677},"end":{"line":3,"column":709}},{"start":{"line":3,"column":713},"end":{"line":3,"column":732}}],"line":3},"12":{"loc":{"start":{"line":3,"column":871},"end":{"line":3,"column":905}},"type":"binary-expr","locations":[{"start":{"line":3,"column":871},"end":{"line":3,"column":881}},{"start":{"line":3,"column":885},"end":{"line":3,"column":905}}],"line":3},"13":{"loc":{"start":{"line":3,"column":1000},"end":{"line":3,"column":1118}},"type":"if","locations":[{"start":{"line":3,"column":1000},"end":{"line":3,"column":1118}},{"start":{"line":3,"column":1000},"end":{"line":3,"column":1118}}],"line":3},"14":{"loc":{"start":{"line":3,"column":1016},"end":{"line":3,"column":1117}},"type":"cond-expr","locations":[{"start":{"line":3,"column":1040},"end":{"line":3,"column":1083}},{"start":{"line":3,"column":1086},"end":{"line":3,"column":1117}}],"line":3},"15":{"loc":{"start":{"line":6,"column":147},"end":{"line":6,"column":194}},"type":"binary-expr","locations":[{"start":{"line":6,"column":147},"end":{"line":6,"column":162}},{"start":{"line":6,"column":166},"end":{"line":6,"column":194}}],"line":6},"16":{"loc":{"start":{"line":17,"column":6},"end":{"line":19,"column":7}},"type":"if","locations":[{"start":{"line":17,"column":6},"end":{"line":19,"column":7}},{"start":{"line":17,"column":6},"end":{"line":19,"column":7}}],"line":17}},"s":{"0":4,"1":4,"2":4,"3":8,"4":8,"5":8,"6":8,"7":8,"8":8,"9":4,"10":4,"11":4,"12":4,"13":0,"14":4,"15":12,"16":1,"17":0,"18":1,"19":0,"20":1,"21":4,"22":0,"23":4,"24":4,"25":4,"26":4,"27":4,"28":1,"29":4,"30":1,"31":1,"32":0,"33":0,"34":0,"35":0,"36":0,"37":0,"38":0,"39":0,"40":1,"41":4},"f":{"0":4,"1":4,"2":4,"3":12,"4":1,"5":1,"6":4,"7":4,"8":1,"9":1,"10":1,"11":0},"b":{"0":[8,8],"1":[8,0],"2":[4,0],"3":[0,4],"4":[0,12],"5":[12,12],"6":[0,1],"7":[0,1],"8":[0,1],"9":[1,0,0],"10":[0,4],"11":[4,0],"12":[4,4],"13":[4,0],"14":[4,0],"15":[1,0],"16":[0,0]},"_coverageSchema":"332fd63041d2c1bcb487cc26dd0d5f7d97098a6c","hash":"87d40f504e83274f96c2a3d209713461ebaf28f3"}
,"/Users/dianey/myProjects/AirCnB/reviews-module/client/src/components/header.jsx": {"path":"/Users/dianey/myProjects/AirCnB/reviews-module/client/src/components/header.jsx","statementMap":{"0":{"start":{"line":1,"column":39},"end":{"line":1,"column":101}},"1":{"start":{"line":4,"column":176},"end":{"line":4,"column":230}},"2":{"start":{"line":6,"column":13},"end":{"line":29,"column":1}},"3":{"start":{"line":7,"column":1},"end":{"line":23,"column":46}}},"fnMap":{"0":{"name":"_interopRequireDefault","decl":{"start":{"line":4,"column":147},"end":{"line":4,"column":169}},"loc":{"start":{"line":4,"column":175},"end":{"line":4,"column":231}},"line":4},"1":{"name":"Header","decl":{"start":{"line":6,"column":22},"end":{"line":6,"column":28}},"loc":{"start":{"line":6,"column":36},"end":{"line":29,"column":1}},"line":6}},"branchMap":{"0":{"loc":{"start":{"line":4,"column":183},"end":{"line":4,"column":229}},"type":"cond-expr","locations":[{"start":{"line":4,"column":207},"end":{"line":4,"column":210}},{"start":{"line":4,"column":213},"end":{"line":4,"column":229}}],"line":4},"1":{"loc":{"start":{"line":4,"column":183},"end":{"line":4,"column":204}},"type":"binary-expr","locations":[{"start":{"line":4,"column":183},"end":{"line":4,"column":186}},{"start":{"line":4,"column":190},"end":{"line":4,"column":204}}],"line":4}},"s":{"0":2,"1":8,"2":2,"3":1},"f":{"0":8,"1":1},"b":{"0":[4,4],"1":[8,8]},"_coverageSchema":"332fd63041d2c1bcb487cc26dd0d5f7d97098a6c","hash":"531e225b223c92e02a1463dc42979c565b1bc2ae"}
}
