TN:
SF:/Users/dianey/myProjects/AirCnB/reviews-module/client/src/index.jsx
FN:3,_interopRequireDefault
FNF:1
FNH:0
FNDA:0,_interopRequireDefault
DA:3,0
LF:1
LH:0
BRDA:3,0,0,0
BRDA:3,0,1,0
BRDA:3,1,0,0
BRDA:3,1,1,0
BRF:4
BRH:0
end_of_record
TN:
SF:/Users/dianey/myProjects/AirCnB/reviews-module/client/src/components/App.jsx
FN:1,(anonymous_0)
FN:1,defineProperties
FN:1,(anonymous_2)
FN:7,_interopRequireDefault
FN:7,_classCallCheck
FN:7,_possibleConstructorReturn
FN:7,_inherits
FN:9,(anonymous_7)
FN:10,App
FN:58,handleChange
FN:64,searchReviews
FN:86,showAllReviews
FN:94,roundRating
FN:111,calculateAvgRating
FN:123,changePage
FN:130,goPrevPage
FN:134,(anonymous_16)
FN:138,goNextPage
FN:142,(anonymous_18)
FN:146,calculateRating
FN:156,componentDidMount
FN:187,renderFlagPopUp
FN:193,closeFlag
FN:199,render
FNF:24
FNH:11
FNDA:1,(anonymous_0)
FNDA:1,defineProperties
FNDA:1,(anonymous_2)
FNDA:7,_interopRequireDefault
FNDA:1,_classCallCheck
FNDA:1,_possibleConstructorReturn
FNDA:1,_inherits
FNDA:1,(anonymous_7)
FNDA:1,App
FNDA:0,handleChange
FNDA:0,searchReviews
FNDA:0,showAllReviews
FNDA:0,roundRating
FNDA:0,calculateAvgRating
FNDA:0,changePage
FNDA:0,goPrevPage
FNDA:0,(anonymous_16)
FNDA:0,goNextPage
FNDA:0,(anonymous_18)
FNDA:0,calculateRating
FNDA:1,componentDidMount
FNDA:0,renderFlagPopUp
FNDA:0,closeFlag
FNDA:1,render
DA:1,13
DA:7,7
DA:9,1
DA:10,1
DA:58,1
DA:61,0
DA:67,0
DA:68,0
DA:69,0
DA:85,0
DA:89,0
DA:97,0
DA:98,0
DA:99,0
DA:100,0
DA:101,0
DA:102,0
DA:103,0
DA:104,0
DA:105,0
DA:106,0
DA:107,0
DA:109,0
DA:114,0
DA:115,0
DA:116,0
DA:117,0
DA:118,0
DA:119,0
DA:122,0
DA:126,0
DA:127,0
DA:133,0
DA:134,0
DA:141,0
DA:142,0
DA:149,0
DA:150,0
DA:151,0
DA:153,0
DA:154,0
DA:155,0
DA:159,1
DA:160,1
DA:161,1
DA:190,0
DA:196,0
DA:202,1
DA:244,1
LF:49
LH:10
BRDA:1,0,0,13
BRDA:1,0,1,13
BRDA:1,1,0,13
BRDA:1,1,1,0
BRDA:1,2,0,1
BRDA:1,2,1,0
BRDA:1,3,0,0
BRDA:1,3,1,1
BRDA:7,4,0,4
BRDA:7,4,1,3
BRDA:7,5,0,7
BRDA:7,5,1,7
BRDA:7,6,0,0
BRDA:7,6,1,1
BRDA:7,7,0,0
BRDA:7,7,1,1
BRDA:7,8,0,0
BRDA:7,8,1,1
BRDA:7,9,0,1
BRDA:7,9,1,0
BRDA:7,9,2,0
BRDA:7,10,0,0
BRDA:7,10,1,1
BRDA:7,11,0,1
BRDA:7,11,1,0
BRDA:7,12,0,1
BRDA:7,12,1,1
BRDA:7,13,0,1
BRDA:7,13,1,0
BRDA:7,14,0,1
BRDA:7,14,1,0
BRDA:10,15,0,1
BRDA:10,15,1,0
BRDA:101,16,0,0
BRDA:101,16,1,0
BRDA:103,17,0,0
BRDA:103,17,1,0
BRDA:103,18,0,0
BRDA:103,18,1,0
BRDA:106,19,0,0
BRDA:106,19,1,0
BRDA:133,20,0,0
BRDA:133,20,1,0
BRDA:141,21,0,0
BRDA:141,21,1,0
BRF:45
BRH:20
end_of_record
TN:
SF:/Users/dianey/myProjects/AirCnB/reviews-module/client/src/components/Flag.jsx
FN:3,_interopRequireDefault
FN:5,Flag
FNF:2
FNH:2
FNDA:6,_interopRequireDefault
FNDA:4,Flag
DA:1,2
DA:3,6
DA:5,2
DA:6,4
DA:7,3
DA:45,1
DA:51,2
LF:7
LH:7
BRDA:3,0,0,0
BRDA:3,0,1,6
BRDA:3,1,0,6
BRDA:3,1,1,6
BRDA:6,2,0,3
BRDA:6,2,1,1
BRF:6
BRH:5
end_of_record
TN:
SF:/Users/dianey/myProjects/AirCnB/reviews-module/client/src/components/PageTabs.jsx
FN:1,(anonymous_0)
FN:1,defineProperties
FN:1,(anonymous_2)
FN:3,_interopRequireDefault
FN:3,_classCallCheck
FN:3,_possibleConstructorReturn
FN:3,_inherits
FN:5,(anonymous_7)
FN:6,PageTabs
FN:12,displayTab
FN:27,displayLeftArrow
FN:34,displayRightArrow
FN:41,displayAllTabs
FN:131,render
FNF:14
FNH:14
FNDA:3,(anonymous_0)
FNDA:3,defineProperties
FNDA:3,(anonymous_2)
FNDA:9,_interopRequireDefault
FNDA:1,_classCallCheck
FNDA:1,_possibleConstructorReturn
FNDA:3,_inherits
FNDA:3,(anonymous_7)
FNDA:1,PageTabs
FNDA:4,displayTab
FNDA:1,displayLeftArrow
FNDA:1,displayRightArrow
FNDA:1,displayAllTabs
FNDA:1,render
DA:1,15
DA:3,9
DA:5,3
DA:6,1
DA:12,3
DA:15,4
DA:16,1
DA:22,3
DA:29,1
DA:36,1
DA:44,1
DA:45,0
DA:48,1
DA:49,0
DA:58,1
DA:59,1
DA:70,0
DA:71,0
DA:83,0
DA:84,0
DA:95,0
DA:96,0
DA:106,0
DA:107,0
DA:117,0
DA:134,1
DA:141,3
DA:144,3
DA:149,3
LF:29
LH:18
BRDA:1,0,0,15
BRDA:1,0,1,15
BRDA:1,1,0,15
BRDA:1,1,1,0
BRDA:1,2,0,3
BRDA:1,2,1,0
BRDA:1,3,0,0
BRDA:1,3,1,3
BRDA:3,4,0,0
BRDA:3,4,1,9
BRDA:3,5,0,9
BRDA:3,5,1,9
BRDA:3,6,0,0
BRDA:3,6,1,1
BRDA:3,7,0,0
BRDA:3,7,1,1
BRDA:3,8,0,0
BRDA:3,8,1,1
BRDA:3,9,0,1
BRDA:3,9,1,0
BRDA:3,9,2,0
BRDA:3,10,0,0
BRDA:3,10,1,3
BRDA:3,11,0,3
BRDA:3,11,1,0
BRDA:3,12,0,3
BRDA:3,12,1,3
BRDA:3,13,0,3
BRDA:3,13,1,0
BRDA:3,14,0,3
BRDA:3,14,1,0
BRDA:6,15,0,1
BRDA:6,15,1,0
BRDA:15,16,0,1
BRDA:15,16,1,3
BRDA:44,17,0,0
BRDA:44,17,1,1
BRDA:48,18,0,0
BRDA:48,18,1,1
BRDA:58,19,0,1
BRDA:58,19,1,0
BRDA:70,20,0,0
BRDA:70,20,1,0
BRDA:83,21,0,0
BRDA:83,21,1,0
BRDA:95,22,0,0
BRDA:95,22,1,0
BRDA:106,23,0,0
BRDA:106,23,1,0
BRF:49
BRH:24
end_of_record
TN:
SF:/Users/dianey/myProjects/AirCnB/reviews-module/client/src/components/ReviewList.jsx
FN:1,(anonymous_0)
FN:1,defineProperties
FN:1,(anonymous_2)
FN:4,_interopRequireDefault
FN:4,_classCallCheck
FN:4,_possibleConstructorReturn
FN:4,_inherits
FN:6,(anonymous_7)
FN:7,ReviewList
FN:18,renderSearchHeader
FN:31,renderReviews
FN:37,(anonymous_11)
FN:57,getReviewsToDisplay
FN:70,renderPageTabs
FN:82,render
FNF:15
FNH:14
FNDA:2,(anonymous_0)
FNDA:2,defineProperties
FNDA:2,(anonymous_2)
FNDA:8,_interopRequireDefault
FNDA:1,_classCallCheck
FNDA:1,_possibleConstructorReturn
FNDA:2,_inherits
FNDA:2,(anonymous_7)
FNDA:1,ReviewList
FNDA:1,renderSearchHeader
FNDA:1,renderReviews
FNDA:0,(anonymous_11)
FNDA:1,getReviewsToDisplay
FNDA:1,renderPageTabs
FNDA:1,render
DA:1,10
DA:4,8
DA:6,2
DA:7,1
DA:18,2
DA:21,1
DA:34,1
DA:35,1
DA:38,0
DA:60,1
DA:61,1
DA:62,1
DA:63,1
DA:64,1
DA:65,7
DA:66,0
DA:69,1
DA:73,1
DA:85,1
DA:86,0
DA:91,1
DA:92,0
DA:98,1
DA:105,2
DA:108,2
DA:145,2
LF:26
LH:22
BRDA:1,0,0,10
BRDA:1,0,1,10
BRDA:1,1,0,10
BRDA:1,1,1,0
BRDA:1,2,0,2
BRDA:1,2,1,0
BRDA:1,3,0,0
BRDA:1,3,1,2
BRDA:4,4,0,2
BRDA:4,4,1,6
BRDA:4,5,0,8
BRDA:4,5,1,8
BRDA:4,6,0,0
BRDA:4,6,1,1
BRDA:4,7,0,0
BRDA:4,7,1,1
BRDA:4,8,0,0
BRDA:4,8,1,1
BRDA:4,9,0,1
BRDA:4,9,1,0
BRDA:4,9,2,0
BRDA:4,10,0,0
BRDA:4,10,1,2
BRDA:4,11,0,2
BRDA:4,11,1,0
BRDA:4,12,0,2
BRDA:4,12,1,2
BRDA:4,13,0,2
BRDA:4,13,1,0
BRDA:4,14,0,2
BRDA:4,14,1,0
BRDA:7,15,0,1
BRDA:7,15,1,0
BRDA:65,16,0,0
BRDA:65,16,1,7
BRDA:85,17,0,0
BRDA:85,17,1,1
BRDA:91,18,0,0
BRDA:91,18,1,1
BRF:39
BRH:23
end_of_record
TN:
SF:/Users/dianey/myProjects/AirCnB/reviews-module/client/src/components/ReviewStats.jsx
FN:4,_interopRequireDefault
FN:6,ReviewStats
FNF:2
FNH:2
FNDA:8,_interopRequireDefault
FNDA:1,ReviewStats
DA:1,2
DA:4,8
DA:6,2
DA:7,1
DA:41,2
DA:49,2
LF:6
LH:6
BRDA:4,0,0,2
BRDA:4,0,1,6
BRDA:4,1,0,8
BRDA:4,1,1,8
BRF:4
BRH:4
end_of_record
TN:
SF:/Users/dianey/myProjects/AirCnB/reviews-module/client/src/components/Search.jsx
FN:3,_interopRequireDefault
FN:5,Search
FNF:2
FNH:2
FNDA:9,_interopRequireDefault
FNDA:1,Search
DA:1,3
DA:3,9
DA:5,3
DA:23,3
LF:4
LH:4
BRDA:3,0,0,0
BRDA:3,0,1,9
BRDA:3,1,0,9
BRDA:3,1,1,9
BRF:4
BRH:3
end_of_record
TN:
SF:/Users/dianey/myProjects/AirCnB/reviews-module/client/src/components/Stars.jsx
FN:1,(anonymous_0)
FN:1,defineProperties
FN:1,(anonymous_2)
FN:3,_interopRequireDefault
FN:3,_classCallCheck
FN:3,_possibleConstructorReturn
FN:3,_inherits
FN:5,(anonymous_7)
FN:6,Stars
FN:8,createStars
FN:25,render
FN:31,(anonymous_11)
FNF:12
FNH:12
FNDA:4,(anonymous_0)
FNDA:4,defineProperties
FNDA:4,(anonymous_2)
FNDA:12,_interopRequireDefault
FNDA:1,_classCallCheck
FNDA:1,_possibleConstructorReturn
FNDA:4,_inherits
FNDA:4,(anonymous_7)
FNDA:1,Stars
FNDA:1,createStars
FNDA:1,render
FNDA:5,(anonymous_11)
DA:1,8
DA:3,12
DA:5,4
DA:6,1
DA:8,4
DA:11,1
DA:12,1
DA:13,1
DA:15,1
DA:16,4
DA:18,1
DA:19,1
DA:21,1
DA:22,0
DA:24,1
DA:28,1
DA:37,4
DA:40,4
DA:44,4
LF:19
LH:18
BRDA:1,0,0,8
BRDA:1,0,1,8
BRDA:1,1,0,8
BRDA:1,1,1,0
BRDA:1,2,0,4
BRDA:1,2,1,0
BRDA:1,3,0,0
BRDA:1,3,1,4
BRDA:3,4,0,0
BRDA:3,4,1,12
BRDA:3,5,0,12
BRDA:3,5,1,12
BRDA:3,6,0,0
BRDA:3,6,1,1
BRDA:3,7,0,0
BRDA:3,7,1,1
BRDA:3,8,0,0
BRDA:3,8,1,1
BRDA:3,9,0,1
BRDA:3,9,1,0
BRDA:3,9,2,0
BRDA:3,10,0,0
BRDA:3,10,1,4
BRDA:3,11,0,4
BRDA:3,11,1,0
BRDA:3,12,0,4
BRDA:3,12,1,4
BRDA:3,13,0,4
BRDA:3,13,1,0
BRDA:3,14,0,4
BRDA:3,14,1,0
BRDA:6,15,0,1
BRDA:6,15,1,0
BRDA:18,16,0,1
BRDA:18,16,1,0
BRF:35
BRH:20
end_of_record
TN:
SF:/Users/dianey/myProjects/AirCnB/reviews-module/client/src/components/header.jsx
FN:5,_interopRequireDefault
FN:7,Header
FNF:2
FNH:2
FNDA:10,_interopRequireDefault
FNDA:1,Header
DA:1,2
DA:5,10
DA:7,2
DA:8,1
DA:32,2
DA:37,2
LF:6
LH:6
BRDA:5,0,0,4
BRDA:5,0,1,6
BRDA:5,1,0,10
BRDA:5,1,1,10
BRF:4
BRH:4
end_of_record
