TN:
SF:/Users/dianey/myProjects/AirCnB/reviews-module/client/src/index.jsx
FN:3,_interopRequireDefault
FNF:1
FNH:0
FNDA:0,_interopRequireDefault
DA:3,0
LF:1
LH:0
BRDA:3,0,0,0
BRDA:3,0,1,0
BRDA:3,1,0,0
BRDA:3,1,1,0
BRF:4
BRH:0
end_of_record
TN:
SF:/Users/dianey/myProjects/AirCnB/reviews-module/client/src/components/App.jsx
FN:1,(anonymous_0)
FN:1,defineProperties
FN:1,(anonymous_2)
FN:8,_interopRequireDefault
FN:8,_classCallCheck
FN:8,_possibleConstructorReturn
FN:8,_inherits
FN:10,(anonymous_7)
FN:11,App
FN:51,handleChange
FN:57,searchReviews
FN:78,showAllReviews
FN:85,roundRating
FN:102,calculateAvgRating
FN:114,calculateRating
FN:124,componentDidMount
FN:154,renderFlagPopUp
FN:160,closeFlag
FN:166,render
FNF:19
FNH:11
FNDA:1,(anonymous_0)
FNDA:1,defineProperties
FNDA:1,(anonymous_2)
FNDA:8,_interopRequireDefault
FNDA:1,_classCallCheck
FNDA:1,_possibleConstructorReturn
FNDA:1,_inherits
FNDA:1,(anonymous_7)
FNDA:1,App
FNDA:0,handleChange
FNDA:0,searchReviews
FNDA:0,showAllReviews
FNDA:0,roundRating
FNDA:0,calculateAvgRating
FNDA:0,calculateRating
FNDA:1,componentDidMount
FNDA:0,renderFlagPopUp
FNDA:0,closeFlag
FNDA:1,render
DA:1,10
DA:8,8
DA:10,1
DA:11,1
DA:51,1
DA:54,0
DA:60,0
DA:61,0
DA:62,0
DA:77,0
DA:81,0
DA:88,0
DA:89,0
DA:90,0
DA:91,0
DA:92,0
DA:93,0
DA:94,0
DA:95,0
DA:96,0
DA:97,0
DA:98,0
DA:100,0
DA:105,0
DA:106,0
DA:107,0
DA:108,0
DA:109,0
DA:110,0
DA:113,0
DA:117,0
DA:118,0
DA:119,0
DA:121,0
DA:122,0
DA:123,0
DA:127,1
DA:128,1
DA:129,1
DA:157,0
DA:163,0
DA:169,1
DA:210,1
LF:43
LH:10
BRDA:1,0,0,10
BRDA:1,0,1,10
BRDA:1,1,0,10
BRDA:1,1,1,0
BRDA:1,2,0,1
BRDA:1,2,1,0
BRDA:1,3,0,0
BRDA:1,3,1,1
BRDA:8,4,0,4
BRDA:8,4,1,4
BRDA:8,5,0,8
BRDA:8,5,1,8
BRDA:8,6,0,0
BRDA:8,6,1,1
BRDA:8,7,0,0
BRDA:8,7,1,1
BRDA:8,8,0,0
BRDA:8,8,1,1
BRDA:8,9,0,1
BRDA:8,9,1,0
BRDA:8,9,2,0
BRDA:8,10,0,0
BRDA:8,10,1,1
BRDA:8,11,0,1
BRDA:8,11,1,0
BRDA:8,12,0,1
BRDA:8,12,1,1
BRDA:8,13,0,1
BRDA:8,13,1,0
BRDA:8,14,0,1
BRDA:8,14,1,0
BRDA:11,15,0,1
BRDA:11,15,1,0
BRDA:92,16,0,0
BRDA:92,16,1,0
BRDA:94,17,0,0
BRDA:94,17,1,0
BRDA:94,18,0,0
BRDA:94,18,1,0
BRDA:97,19,0,0
BRDA:97,19,1,0
BRF:41
BRH:20
end_of_record
TN:
SF:/Users/dianey/myProjects/AirCnB/reviews-module/client/src/components/Flag.jsx
FN:3,_interopRequireDefault
FN:5,Flag
FNF:2
FNH:2
FNDA:6,_interopRequireDefault
FNDA:1,Flag
DA:1,2
DA:3,6
DA:5,2
DA:6,1
DA:7,0
DA:45,1
LF:6
LH:5
BRDA:3,0,0,0
BRDA:3,0,1,6
BRDA:3,1,0,6
BRDA:3,1,1,6
BRDA:6,2,0,0
BRDA:6,2,1,1
BRF:6
BRH:4
end_of_record
TN:
SF:/Users/dianey/myProjects/AirCnB/reviews-module/client/src/components/PageTabs.jsx
FN:1,(anonymous_0)
FN:1,defineProperties
FN:1,(anonymous_2)
FN:3,_interopRequireDefault
FN:3,_classCallCheck
FN:3,_possibleConstructorReturn
FN:3,_inherits
FN:5,(anonymous_7)
FN:6,PageTabs
FN:16,displayTab
FN:31,displayLeftArrow
FN:38,displayRightArrow
FN:45,displayAllTabs
FN:97,render
FNF:14
FNH:13
FNDA:3,(anonymous_0)
FNDA:3,defineProperties
FNDA:3,(anonymous_2)
FNDA:9,_interopRequireDefault
FNDA:1,_classCallCheck
FNDA:1,_possibleConstructorReturn
FNDA:3,_inherits
FNDA:3,(anonymous_7)
FNDA:1,PageTabs
FNDA:3,displayTab
FNDA:1,displayLeftArrow
FNDA:0,displayRightArrow
FNDA:1,displayAllTabs
FNDA:1,render
DA:1,15
DA:3,9
DA:5,3
DA:6,1
DA:16,3
DA:19,3
DA:20,1
DA:26,2
DA:33,1
DA:40,0
DA:48,1
DA:49,0
DA:58,1
DA:59,0
DA:71,1
DA:72,1
DA:83,0
DA:100,1
DA:107,3
LF:19
LH:15
BRDA:1,0,0,15
BRDA:1,0,1,15
BRDA:1,1,0,15
BRDA:1,1,1,0
BRDA:1,2,0,3
BRDA:1,2,1,0
BRDA:1,3,0,0
BRDA:1,3,1,3
BRDA:3,4,0,0
BRDA:3,4,1,9
BRDA:3,5,0,9
BRDA:3,5,1,9
BRDA:3,6,0,0
BRDA:3,6,1,1
BRDA:3,7,0,0
BRDA:3,7,1,1
BRDA:3,8,0,0
BRDA:3,8,1,1
BRDA:3,9,0,1
BRDA:3,9,1,0
BRDA:3,9,2,0
BRDA:3,10,0,0
BRDA:3,10,1,3
BRDA:3,11,0,3
BRDA:3,11,1,0
BRDA:3,12,0,3
BRDA:3,12,1,3
BRDA:3,13,0,3
BRDA:3,13,1,0
BRDA:3,14,0,3
BRDA:3,14,1,0
BRDA:6,15,0,1
BRDA:6,15,1,0
BRDA:19,16,0,1
BRDA:19,16,1,2
BRDA:48,17,0,0
BRDA:48,17,1,1
BRDA:58,18,0,0
BRDA:58,18,1,1
BRDA:71,19,0,1
BRDA:71,19,1,0
BRF:41
BRH:24
end_of_record
TN:
SF:/Users/dianey/myProjects/AirCnB/reviews-module/client/src/components/ReviewList.jsx
FN:1,(anonymous_0)
FN:1,defineProperties
FN:1,(anonymous_2)
FN:4,_interopRequireDefault
FN:4,_classCallCheck
FN:4,_possibleConstructorReturn
FN:4,_inherits
FN:6,(anonymous_7)
FN:7,ReviewList
FN:22,renderSearchHeader
FN:35,renderReviews
FN:41,(anonymous_11)
FN:61,getReviewsToDisplay
FN:75,changePage
FN:82,goPrevPage
FN:86,(anonymous_15)
FN:90,goNextPage
FN:94,(anonymous_17)
FN:98,renderPageTabs
FN:112,render
FNF:20
FNH:10
FNDA:2,(anonymous_0)
FNDA:2,defineProperties
FNDA:2,(anonymous_2)
FNDA:8,_interopRequireDefault
FNDA:1,_classCallCheck
FNDA:1,_possibleConstructorReturn
FNDA:2,_inherits
FNDA:2,(anonymous_7)
FNDA:1,ReviewList
FNDA:0,renderSearchHeader
FNDA:0,renderReviews
FNDA:0,(anonymous_11)
FNDA:0,getReviewsToDisplay
FNDA:0,changePage
FNDA:0,goPrevPage
FNDA:0,(anonymous_15)
FNDA:0,goNextPage
FNDA:0,(anonymous_17)
FNDA:0,renderPageTabs
FNDA:1,render
DA:1,16
DA:4,8
DA:6,2
DA:7,1
DA:22,2
DA:25,0
DA:38,0
DA:39,0
DA:42,0
DA:64,0
DA:65,0
DA:66,0
DA:67,0
DA:68,0
DA:69,0
DA:70,0
DA:71,0
DA:74,0
DA:78,0
DA:79,0
DA:85,0
DA:86,0
DA:93,0
DA:94,0
DA:101,0
DA:115,1
DA:116,0
DA:121,1
DA:122,0
DA:128,0
DA:135,2
LF:31
LH:8
BRDA:1,0,0,16
BRDA:1,0,1,16
BRDA:1,1,0,16
BRDA:1,1,1,0
BRDA:1,2,0,2
BRDA:1,2,1,0
BRDA:1,3,0,0
BRDA:1,3,1,2
BRDA:4,4,0,2
BRDA:4,4,1,6
BRDA:4,5,0,8
BRDA:4,5,1,8
BRDA:4,6,0,0
BRDA:4,6,1,1
BRDA:4,7,0,0
BRDA:4,7,1,1
BRDA:4,8,0,0
BRDA:4,8,1,1
BRDA:4,9,0,1
BRDA:4,9,1,0
BRDA:4,9,2,0
BRDA:4,10,0,0
BRDA:4,10,1,2
BRDA:4,11,0,2
BRDA:4,11,1,0
BRDA:4,12,0,2
BRDA:4,12,1,2
BRDA:4,13,0,2
BRDA:4,13,1,0
BRDA:4,14,0,2
BRDA:4,14,1,0
BRDA:7,15,0,1
BRDA:7,15,1,0
BRDA:70,16,0,0
BRDA:70,16,1,0
BRDA:85,17,0,0
BRDA:85,17,1,0
BRDA:93,18,0,0
BRDA:93,18,1,0
BRDA:115,19,0,0
BRDA:115,19,1,1
BRDA:121,20,0,0
BRDA:121,20,1,0
BRF:43
BRH:21
end_of_record
TN:
SF:/Users/dianey/myProjects/AirCnB/reviews-module/client/src/components/ReviewStats.jsx
FN:4,_interopRequireDefault
FN:6,ReviewStats
FNF:2
FNH:2
FNDA:8,_interopRequireDefault
FNDA:1,ReviewStats
DA:1,2
DA:4,8
DA:6,2
DA:7,1
LF:4
LH:4
BRDA:4,0,0,2
BRDA:4,0,1,6
BRDA:4,1,0,8
BRDA:4,1,1,8
BRF:4
BRH:4
end_of_record
TN:
SF:/Users/dianey/myProjects/AirCnB/reviews-module/client/src/components/Search.jsx
FN:2,_interopRequireDefault
FN:4,Search
FNF:2
FNH:2
FNDA:6,_interopRequireDefault
FNDA:1,Search
DA:1,3
DA:2,6
DA:4,3
LF:3
LH:3
BRDA:2,0,0,0
BRDA:2,0,1,6
BRDA:2,1,0,6
BRDA:2,1,1,6
BRF:4
BRH:3
end_of_record
TN:
SF:/Users/dianey/myProjects/AirCnB/reviews-module/client/src/components/Stars.jsx
FN:1,(anonymous_0)
FN:1,defineProperties
FN:1,(anonymous_2)
FN:3,_interopRequireDefault
FN:3,_classCallCheck
FN:3,_possibleConstructorReturn
FN:3,_inherits
FN:5,(anonymous_7)
FN:6,Stars
FN:8,createStars
FN:24,render
FN:30,(anonymous_11)
FNF:12
FNH:11
FNDA:4,(anonymous_0)
FNDA:4,defineProperties
FNDA:4,(anonymous_2)
FNDA:12,_interopRequireDefault
FNDA:1,_classCallCheck
FNDA:1,_possibleConstructorReturn
FNDA:4,_inherits
FNDA:4,(anonymous_7)
FNDA:1,Stars
FNDA:1,createStars
FNDA:1,render
FNDA:0,(anonymous_11)
DA:1,8
DA:3,12
DA:5,4
DA:6,1
DA:8,4
DA:11,1
DA:12,1
DA:13,0
DA:14,0
DA:15,0
DA:17,0
DA:18,0
DA:20,0
DA:21,0
DA:23,0
DA:27,1
DA:36,4
LF:17
LH:9
BRDA:1,0,0,8
BRDA:1,0,1,8
BRDA:1,1,0,8
BRDA:1,1,1,0
BRDA:1,2,0,4
BRDA:1,2,1,0
BRDA:1,3,0,0
BRDA:1,3,1,4
BRDA:3,4,0,0
BRDA:3,4,1,12
BRDA:3,5,0,12
BRDA:3,5,1,12
BRDA:3,6,0,0
BRDA:3,6,1,1
BRDA:3,7,0,0
BRDA:3,7,1,1
BRDA:3,8,0,0
BRDA:3,8,1,1
BRDA:3,9,0,1
BRDA:3,9,1,0
BRDA:3,9,2,0
BRDA:3,10,0,0
BRDA:3,10,1,4
BRDA:3,11,0,4
BRDA:3,11,1,0
BRDA:3,12,0,4
BRDA:3,12,1,4
BRDA:3,13,0,4
BRDA:3,13,1,0
BRDA:3,14,0,4
BRDA:3,14,1,0
BRDA:6,15,0,1
BRDA:6,15,1,0
BRDA:17,16,0,0
BRDA:17,16,1,0
BRF:35
BRH:19
end_of_record
TN:
SF:/Users/dianey/myProjects/AirCnB/reviews-module/client/src/components/header.jsx
FN:4,_interopRequireDefault
FN:6,Header
FNF:2
FNH:2
FNDA:8,_interopRequireDefault
FNDA:1,Header
DA:1,2
DA:4,8
DA:6,2
DA:7,1
LF:4
LH:4
BRDA:4,0,0,4
BRDA:4,0,1,4
BRDA:4,1,0,8
BRDA:4,1,1,8
BRF:4
BRH:4
end_of_record
